This is XeTeX, Version 3.141592653-2.6-0.999993 (TeX Live 2021/W32TeX) (preloaded format=xelatex 2021.6.6)  6 JUN 2021 15:15
entering extended mode
 restricted \write18 enabled.
 %&-line parsing enabled.
**Tablas-y-graficos-con-R-y-RStudio.tex
(./Tablas-y-graficos-con-R-y-RStudio.tex
LaTeX2e <2021-06-01>
L3 programming layer <2021-06-01>
(c:/Users/rober.LAPTOP-Q5ER5H2M/AppData/Roaming/TinyTeX/texmf-dist/tex/latex/ba
se/book.cls
Document Class: book 2021/02/12 v1.4n Standard LaTeX document class

(c:/Users/rober.LAPTOP-Q5ER5H2M/AppData/Roaming/TinyTeX/texmf-dist/tex/latex/ba
se/bk10.clo
File: bk10.clo 2021/02/12 v1.4n Standard LaTeX file (size option)
)
\c@part=\count178
\c@chapter=\count179
\c@section=\count180
\c@subsection=\count181
\c@subsubsection=\count182
\c@paragraph=\count183
\c@subparagraph=\count184
\c@figure=\count185
\c@table=\count186
\abovecaptionskip=\skip47
\belowcaptionskip=\skip48
\bibindent=\dimen138
)
(c:/Users/rober.LAPTOP-Q5ER5H2M/AppData/Roaming/TinyTeX/texmf-dist/tex/latex/am
smath/amsmath.sty
Package: amsmath 2021/04/20 v2.17j AMS math features
\@mathmargin=\skip49
For additional information on amsmath, use the `?' option.

(c:/Users/rober.LAPTOP-Q5ER5H2M/AppData/Roaming/TinyTeX/texmf-dist/tex/latex/am
smath/amstext.sty
Package: amstext 2000/06/29 v2.01 AMS text

(c:/Users/rober.LAPTOP-Q5ER5H2M/AppData/Roaming/TinyTeX/texmf-dist/tex/latex/am
smath/amsgen.sty
File: amsgen.sty 1999/11/30 v2.0 generic functions
\@emptytoks=\toks16
\ex@=\dimen139
))
(c:/Users/rober.LAPTOP-Q5ER5H2M/AppData/Roaming/TinyTeX/texmf-dist/tex/latex/am
smath/amsbsy.sty
Package: amsbsy 1999/11/29 v1.2d Bold Symbols
\pmbraise@=\dimen140
)
(c:/Users/rober.LAPTOP-Q5ER5H2M/AppData/Roaming/TinyTeX/texmf-dist/tex/latex/am
smath/amsopn.sty
Package: amsopn 2016/03/08 v2.02 operator names
)
\inf@bad=\count187
LaTeX Info: Redefining \frac on input line 234.
\uproot@=\count188
\leftroot@=\count189
LaTeX Info: Redefining \overline on input line 399.
\classnum@=\count190
\DOTSCASE@=\count191
LaTeX Info: Redefining \ldots on input line 496.
LaTeX Info: Redefining \dots on input line 499.
LaTeX Info: Redefining \cdots on input line 620.
\Mathstrutbox@=\box50
\strutbox@=\box51
\big@size=\dimen141
LaTeX Font Info:    Redeclaring font encoding OML on input line 743.
LaTeX Font Info:    Redeclaring font encoding OMS on input line 744.
\macc@depth=\count192
\c@MaxMatrixCols=\count193
\dotsspace@=\muskip16
\c@parentequation=\count194
\dspbrk@lvl=\count195
\tag@help=\toks17
\row@=\count196
\column@=\count197
\maxfields@=\count198
\andhelp@=\toks18
\eqnshift@=\dimen142
\alignsep@=\dimen143
\tagshift@=\dimen144
\tagwidth@=\dimen145
\totwidth@=\dimen146
\lineht@=\dimen147
\@envbody=\toks19
\multlinegap=\skip50
\multlinetaggap=\skip51
\mathdisplay@stack=\toks20
LaTeX Info: Redefining \[ on input line 2923.
LaTeX Info: Redefining \] on input line 2924.
)
(c:/Users/rober.LAPTOP-Q5ER5H2M/AppData/Roaming/TinyTeX/texmf-dist/tex/latex/am
sfonts/amssymb.sty
Package: amssymb 2013/01/14 v3.01 AMS font symbols

(c:/Users/rober.LAPTOP-Q5ER5H2M/AppData/Roaming/TinyTeX/texmf-dist/tex/latex/am
sfonts/amsfonts.sty
Package: amsfonts 2013/01/14 v3.01 Basic AMSFonts support
\symAMSa=\mathgroup4
\symAMSb=\mathgroup5
LaTeX Font Info:    Redeclaring math symbol \hbar on input line 98.
LaTeX Font Info:    Overwriting math alphabet `\mathfrak' in version `bold'
(Font)                  U/euf/m/n --> U/euf/b/n on input line 106.
))
(c:/Users/rober.LAPTOP-Q5ER5H2M/AppData/Roaming/TinyTeX/texmf-dist/tex/latex/lm
/lmodern.sty
Package: lmodern 2015/05/01 v1.6.1 Latin Modern Fonts
LaTeX Font Info:    Overwriting symbol font `operators' in version `normal'
(Font)                  OT1/cmr/m/n --> OT1/lmr/m/n on input line 22.
LaTeX Font Info:    Overwriting symbol font `letters' in version `normal'
(Font)                  OML/cmm/m/it --> OML/lmm/m/it on input line 23.
LaTeX Font Info:    Overwriting symbol font `symbols' in version `normal'
(Font)                  OMS/cmsy/m/n --> OMS/lmsy/m/n on input line 24.
LaTeX Font Info:    Overwriting symbol font `largesymbols' in version `normal'
(Font)                  OMX/cmex/m/n --> OMX/lmex/m/n on input line 25.
LaTeX Font Info:    Overwriting symbol font `operators' in version `bold'
(Font)                  OT1/cmr/bx/n --> OT1/lmr/bx/n on input line 26.
LaTeX Font Info:    Overwriting symbol font `letters' in version `bold'
(Font)                  OML/cmm/b/it --> OML/lmm/b/it on input line 27.
LaTeX Font Info:    Overwriting symbol font `symbols' in version `bold'
(Font)                  OMS/cmsy/b/n --> OMS/lmsy/b/n on input line 28.
LaTeX Font Info:    Overwriting symbol font `largesymbols' in version `bold'
(Font)                  OMX/cmex/m/n --> OMX/lmex/m/n on input line 29.
LaTeX Font Info:    Overwriting math alphabet `\mathbf' in version `normal'
(Font)                  OT1/cmr/bx/n --> OT1/lmr/bx/n on input line 31.
LaTeX Font Info:    Overwriting math alphabet `\mathsf' in version `normal'
(Font)                  OT1/cmss/m/n --> OT1/lmss/m/n on input line 32.
LaTeX Font Info:    Overwriting math alphabet `\mathit' in version `normal'
(Font)                  OT1/cmr/m/it --> OT1/lmr/m/it on input line 33.
LaTeX Font Info:    Overwriting math alphabet `\mathtt' in version `normal'
(Font)                  OT1/cmtt/m/n --> OT1/lmtt/m/n on input line 34.
LaTeX Font Info:    Overwriting math alphabet `\mathbf' in version `bold'
(Font)                  OT1/cmr/bx/n --> OT1/lmr/bx/n on input line 35.
LaTeX Font Info:    Overwriting math alphabet `\mathsf' in version `bold'
(Font)                  OT1/cmss/bx/n --> OT1/lmss/bx/n on input line 36.
LaTeX Font Info:    Overwriting math alphabet `\mathit' in version `bold'
(Font)                  OT1/cmr/bx/it --> OT1/lmr/bx/it on input line 37.
LaTeX Font Info:    Overwriting math alphabet `\mathtt' in version `bold'
(Font)                  OT1/cmtt/m/n --> OT1/lmtt/m/n on input line 38.
)
(c:/Users/rober.LAPTOP-Q5ER5H2M/AppData/Roaming/TinyTeX/texmf-dist/tex/generic/
iftex/ifxetex.sty
Package: ifxetex 2019/10/25 v0.7 ifxetex legacy package. Use iftex instead.

(c:/Users/rober.LAPTOP-Q5ER5H2M/AppData/Roaming/TinyTeX/texmf-dist/tex/generic/
iftex/iftex.sty
Package: iftex 2020/03/06 v1.0d TeX engine tests
))
(c:/Users/rober.LAPTOP-Q5ER5H2M/AppData/Roaming/TinyTeX/texmf-dist/tex/generic/
iftex/ifluatex.sty
Package: ifluatex 2019/10/25 v1.5 ifluatex legacy package. Use iftex instead.
)
(c:/Users/rober.LAPTOP-Q5ER5H2M/AppData/Roaming/TinyTeX/texmf-dist/tex/latex/un
icode-math/unicode-math.sty
(c:/Users/rober.LAPTOP-Q5ER5H2M/AppData/Roaming/TinyTeX/texmf-dist/tex/latex/l3
kernel/expl3.sty
Package: expl3 2021-06-01 L3 programming layer (loader) 

(c:/Users/rober.LAPTOP-Q5ER5H2M/AppData/Roaming/TinyTeX/texmf-dist/tex/latex/l3
backend/l3backend-xetex.def
File: l3backend-xetex.def 2021-05-07 L3 backend support: XeTeX
(|extractbb --version)
\c__kernel_sys_dvipdfmx_version_int=\count199
\l__color_backend_stack_int=\count266
\g__color_backend_stack_int=\count267
\g__graphics_track_int=\count268
\l__pdf_internal_box=\box52
\g__pdf_backend_object_int=\count269
\g__pdf_backend_annotation_int=\count270
\g__pdf_backend_link_int=\count271
))
Package: unicode-math 2020/01/31 v0.8q Unicode maths in XeLaTeX and LuaLaTeX

(c:/Users/rober.LAPTOP-Q5ER5H2M/AppData/Roaming/TinyTeX/texmf-dist/tex/latex/un
icode-math/unicode-math-xetex.sty
Package: unicode-math-xetex 2020/01/31 v0.8q Unicode maths in XeLaTeX and LuaLa
TeX

(c:/Users/rober.LAPTOP-Q5ER5H2M/AppData/Roaming/TinyTeX/texmf-dist/tex/latex/l3
packages/xparse/xparse.sty
Package: xparse 2021-06-01 L3 Experimental document command parser
)
(c:/Users/rober.LAPTOP-Q5ER5H2M/AppData/Roaming/TinyTeX/texmf-dist/tex/latex/l3
packages/l3keys2e/l3keys2e.sty
Package: l3keys2e 2021-06-01 LaTeX2e option processing using LaTeX3 keys
)
(c:/Users/rober.LAPTOP-Q5ER5H2M/AppData/Roaming/TinyTeX/texmf-dist/tex/latex/fo
ntspec/fontspec.sty
Package: fontspec 2020/02/21 v2.7i Font selection for XeLaTeX and LuaLaTeX

(c:/Users/rober.LAPTOP-Q5ER5H2M/AppData/Roaming/TinyTeX/texmf-dist/tex/latex/fo
ntspec/fontspec-xetex.sty
Package: fontspec-xetex 2020/02/21 v2.7i Font selection for XeLaTeX and LuaLaTe
X
\l__fontspec_script_int=\count272
\l__fontspec_language_int=\count273
\l__fontspec_strnum_int=\count274
\l__fontspec_tmp_int=\count275
\l__fontspec_tmpa_int=\count276
\l__fontspec_tmpb_int=\count277
\l__fontspec_tmpc_int=\count278
\l__fontspec_em_int=\count279
\l__fontspec_emdef_int=\count280
\l__fontspec_strong_int=\count281
\l__fontspec_strongdef_int=\count282
\l__fontspec_tmpa_dim=\dimen148
\l__fontspec_tmpb_dim=\dimen149
\l__fontspec_tmpc_dim=\dimen150

(c:/Users/rober.LAPTOP-Q5ER5H2M/AppData/Roaming/TinyTeX/texmf-dist/tex/latex/ba
se/fontenc.sty
Package: fontenc 2021/04/29 v2.0v Standard LaTeX package
)
(c:/Users/rober.LAPTOP-Q5ER5H2M/AppData/Roaming/TinyTeX/texmf-dist/tex/latex/fo
ntspec/fontspec.cfg)))
(c:/Users/rober.LAPTOP-Q5ER5H2M/AppData/Roaming/TinyTeX/texmf-dist/tex/latex/ba
se/fix-cm.sty
Package: fix-cm 2020/11/24 v1.1t fixes to LaTeX

(c:/Users/rober.LAPTOP-Q5ER5H2M/AppData/Roaming/TinyTeX/texmf-dist/tex/latex/ba
se/ts1enc.def
File: ts1enc.def 2001/06/05 v3.0e (jk/car/fm) Standard LaTeX file
LaTeX Font Info:    Redeclaring font encoding TS1 on input line 47.
))
\g__um_fam_int=\count283
\g__um_fonts_used_int=\count284
\l__um_primecount_int=\count285
\g__um_primekern_muskip=\muskip17

(c:/Users/rober.LAPTOP-Q5ER5H2M/AppData/Roaming/TinyTeX/texmf-dist/tex/latex/un
icode-math/unicode-math-table.tex)))
(c:/Users/rober.LAPTOP-Q5ER5H2M/AppData/Roaming/TinyTeX/texmf-dist/tex/latex/xc
olor/xcolor.sty
Package: xcolor 2016/05/11 v2.12 LaTeX color extensions (UK)

(c:/Users/rober.LAPTOP-Q5ER5H2M/AppData/Roaming/TinyTeX/texmf-dist/tex/latex/gr
aphics-cfg/color.cfg
File: color.cfg 2016/01/02 v1.6 sample color configuration
)
Package xcolor Info: Driver file: xetex.def on input line 225.

(c:/Users/rober.LAPTOP-Q5ER5H2M/AppData/Roaming/TinyTeX/texmf-dist/tex/latex/gr
aphics-def/xetex.def
File: xetex.def 2021/03/18 v5.0k Graphics/color driver for xetex
)
Package xcolor Info: Model `cmy' substituted by `cmy0' on input line 1348.
Package xcolor Info: Model `RGB' extended on input line 1364.
Package xcolor Info: Model `HTML' substituted by `rgb' on input line 1366.
Package xcolor Info: Model `Hsb' substituted by `hsb' on input line 1367.
Package xcolor Info: Model `tHsb' substituted by `hsb' on input line 1368.
Package xcolor Info: Model `HSB' substituted by `hsb' on input line 1369.
Package xcolor Info: Model `Gray' substituted by `gray' on input line 1370.
Package xcolor Info: Model `wave' substituted by `hsb' on input line 1371.
)
(c:/Users/rober.LAPTOP-Q5ER5H2M/AppData/Roaming/TinyTeX/texmf-dist/tex/latex/hy
perref/hyperref.sty
Package: hyperref 2021-06-05 v7.00l Hypertext links for LaTeX

(c:/Users/rober.LAPTOP-Q5ER5H2M/AppData/Roaming/TinyTeX/texmf-dist/tex/generic/
ltxcmds/ltxcmds.sty
Package: ltxcmds 2020-05-10 v1.25 LaTeX kernel commands for general use (HO)
)
(c:/Users/rober.LAPTOP-Q5ER5H2M/AppData/Roaming/TinyTeX/texmf-dist/tex/generic/
pdftexcmds/pdftexcmds.sty
Package: pdftexcmds 2020-06-27 v0.33 Utility functions of pdfTeX for LuaTeX (HO
)

(c:/Users/rober.LAPTOP-Q5ER5H2M/AppData/Roaming/TinyTeX/texmf-dist/tex/generic/
infwarerr/infwarerr.sty
Package: infwarerr 2019/12/03 v1.5 Providing info/warning/error messages (HO)
)
Package pdftexcmds Info: \pdf@primitive is available.
Package pdftexcmds Info: \pdf@ifprimitive is available.
Package pdftexcmds Info: \pdfdraftmode not found.
)
(c:/Users/rober.LAPTOP-Q5ER5H2M/AppData/Roaming/TinyTeX/texmf-dist/tex/latex/gr
aphics/keyval.sty
Package: keyval 2014/10/28 v1.15 key=value parser (DPC)
\KV@toks@=\toks21
)
(c:/Users/rober.LAPTOP-Q5ER5H2M/AppData/Roaming/TinyTeX/texmf-dist/tex/generic/
kvsetkeys/kvsetkeys.sty
Package: kvsetkeys 2019/12/15 v1.18 Key value parser (HO)
)
(c:/Users/rober.LAPTOP-Q5ER5H2M/AppData/Roaming/TinyTeX/texmf-dist/tex/generic/
kvdefinekeys/kvdefinekeys.sty
Package: kvdefinekeys 2019-12-19 v1.6 Define keys (HO)
)
(c:/Users/rober.LAPTOP-Q5ER5H2M/AppData/Roaming/TinyTeX/texmf-dist/tex/generic/
pdfescape/pdfescape.sty
Package: pdfescape 2019/12/09 v1.15 Implements pdfTeX's escape features (HO)
)
(c:/Users/rober.LAPTOP-Q5ER5H2M/AppData/Roaming/TinyTeX/texmf-dist/tex/latex/hy
color/hycolor.sty
Package: hycolor 2020-01-27 v1.10 Color options for hyperref/bookmark (HO)
)
(c:/Users/rober.LAPTOP-Q5ER5H2M/AppData/Roaming/TinyTeX/texmf-dist/tex/latex/le
tltxmacro/letltxmacro.sty
Package: letltxmacro 2019/12/03 v1.6 Let assignment for LaTeX macros (HO)
)
(c:/Users/rober.LAPTOP-Q5ER5H2M/AppData/Roaming/TinyTeX/texmf-dist/tex/latex/au
xhook/auxhook.sty
Package: auxhook 2019-12-17 v1.6 Hooks for auxiliary files (HO)
)
(c:/Users/rober.LAPTOP-Q5ER5H2M/AppData/Roaming/TinyTeX/texmf-dist/tex/latex/kv
options/kvoptions.sty
Package: kvoptions 2020-10-07 v3.14 Key value format for package options (HO)
)
\@linkdim=\dimen151
\Hy@linkcounter=\count286
\Hy@pagecounter=\count287

(c:/Users/rober.LAPTOP-Q5ER5H2M/AppData/Roaming/TinyTeX/texmf-dist/tex/latex/hy
perref/pd1enc.def
File: pd1enc.def 2021-06-05 v7.00l Hyperref: PDFDocEncoding definition (HO)
)
(c:/Users/rober.LAPTOP-Q5ER5H2M/AppData/Roaming/TinyTeX/texmf-dist/tex/latex/hy
perref/hyperref-langpatches.def
File: hyperref-langpatches.def 2021-06-05 v7.00l Hyperref: patches for babel la
nguages
)
(c:/Users/rober.LAPTOP-Q5ER5H2M/AppData/Roaming/TinyTeX/texmf-dist/tex/generic/
intcalc/intcalc.sty
Package: intcalc 2019/12/15 v1.3 Expandable calculations with integers (HO)
)
(c:/Users/rober.LAPTOP-Q5ER5H2M/AppData/Roaming/TinyTeX/texmf-dist/tex/generic/
etexcmds/etexcmds.sty
Package: etexcmds 2019/12/15 v1.7 Avoid name clashes with e-TeX commands (HO)
)
\Hy@SavedSpaceFactor=\count288

(c:/Users/rober.LAPTOP-Q5ER5H2M/AppData/Roaming/TinyTeX/texmf-dist/tex/latex/hy
perref/puenc.def
File: puenc.def 2021-06-05 v7.00l Hyperref: PDF Unicode definition (HO)
)
Package hyperref Info: Option `unicode' set `true' on input line 4073.
Package hyperref Info: Hyper figures OFF on input line 4192.
Package hyperref Info: Link nesting OFF on input line 4197.
Package hyperref Info: Hyper index ON on input line 4200.
Package hyperref Info: Plain pages OFF on input line 4207.
Package hyperref Info: Backreferencing OFF on input line 4212.
Package hyperref Info: Implicit mode ON; LaTeX internals redefined.
Package hyperref Info: Bookmarks ON on input line 4445.
\c@Hy@tempcnt=\count289

(c:/Users/rober.LAPTOP-Q5ER5H2M/AppData/Roaming/TinyTeX/texmf-dist/tex/latex/ur
l/url.sty
\Urlmuskip=\muskip18
Package: url 2013/09/16  ver 3.4  Verb mode for urls, etc.
)
LaTeX Info: Redefining \url on input line 4804.
\XeTeXLinkMargin=\dimen152

(c:/Users/rober.LAPTOP-Q5ER5H2M/AppData/Roaming/TinyTeX/texmf-dist/tex/generic/
bitset/bitset.sty
Package: bitset 2019/12/09 v1.3 Handle bit-vector datatype (HO)

(c:/Users/rober.LAPTOP-Q5ER5H2M/AppData/Roaming/TinyTeX/texmf-dist/tex/generic/
bigintcalc/bigintcalc.sty
Package: bigintcalc 2019/12/15 v1.5 Expandable calculations on big integers (HO
)
))
\Fld@menulength=\count290
\Field@Width=\dimen153
\Fld@charsize=\dimen154
Package hyperref Info: Hyper figures OFF on input line 6076.
Package hyperref Info: Link nesting OFF on input line 6081.
Package hyperref Info: Hyper index ON on input line 6084.
Package hyperref Info: backreferencing OFF on input line 6091.
Package hyperref Info: Link coloring OFF on input line 6096.
Package hyperref Info: Link coloring with OCG OFF on input line 6101.
Package hyperref Info: PDF/A mode OFF on input line 6106.
LaTeX Info: Redefining \ref on input line 6146.
LaTeX Info: Redefining \pageref on input line 6150.

(c:/Users/rober.LAPTOP-Q5ER5H2M/AppData/Roaming/TinyTeX/texmf-dist/tex/latex/ba
se/atbegshi-ltx.sty
Package: atbegshi-ltx 2021/01/10 v1.0c Emulation of the original atbegshi
package with kernel methods
)
\Hy@abspage=\count291
\c@Item=\count292
\c@Hfootnote=\count293
)
Package hyperref Info: Driver (autodetected): hxetex.

(c:/Users/rober.LAPTOP-Q5ER5H2M/AppData/Roaming/TinyTeX/texmf-dist/tex/latex/hy
perref/hxetex.def
File: hxetex.def 2021-06-05 v7.00l Hyperref driver for XeTeX

(c:/Users/rober.LAPTOP-Q5ER5H2M/AppData/Roaming/TinyTeX/texmf-dist/tex/generic/
stringenc/stringenc.sty
Package: stringenc 2019/11/29 v1.12 Convert strings between diff. encodings (HO
)
)
\pdfm@box=\box53
\c@Hy@AnnotLevel=\count294
\HyField@AnnotCount=\count295
\Fld@listcount=\count296
\c@bookmark@seq@number=\count297

(c:/Users/rober.LAPTOP-Q5ER5H2M/AppData/Roaming/TinyTeX/texmf-dist/tex/latex/re
runfilecheck/rerunfilecheck.sty
Package: rerunfilecheck 2019/12/05 v1.9 Rerun checks for auxiliary files (HO)

(c:/Users/rober.LAPTOP-Q5ER5H2M/AppData/Roaming/TinyTeX/texmf-dist/tex/latex/ba
se/atveryend-ltx.sty
Package: atveryend-ltx 2020/08/19 v1.0a Emulation of the original atvery packag
e
with kernel methods
)
(c:/Users/rober.LAPTOP-Q5ER5H2M/AppData/Roaming/TinyTeX/texmf-dist/tex/generic/
uniquecounter/uniquecounter.sty
Package: uniquecounter 2019/12/15 v1.4 Provide unlimited unique counter (HO)
)
Package uniquecounter Info: New unique counter `rerunfilecheck' on input line 2
86.
)
\Hy@SectionHShift=\skip52
)
(c:/Users/rober.LAPTOP-Q5ER5H2M/AppData/Roaming/TinyTeX/texmf-dist/tex/latex/fa
ncyvrb/fancyvrb.sty
Package: fancyvrb 2021/01/20 v3.7 verbatim text (tvz,hv)
\FV@CodeLineNo=\count298
\FV@InFile=\read2
\FV@TabBox=\box54
\c@FancyVerbLine=\count299
\FV@StepNumber=\count300
\FV@OutFile=\write3
)
(c:/Users/rober.LAPTOP-Q5ER5H2M/AppData/Roaming/TinyTeX/texmf-dist/tex/latex/fr
amed/framed.sty
Package: framed 2011/10/22 v 0.96: framed or shaded text with page breaks
\OuterFrameSep=\skip53
\fb@frw=\dimen155
\fb@frh=\dimen156
\FrameRule=\dimen157
\FrameSep=\dimen158
)
(c:/Users/rober.LAPTOP-Q5ER5H2M/AppData/Roaming/TinyTeX/texmf-dist/tex/latex/to
ols/longtable.sty
Package: longtable 2021-05-07 v4.16 Multi-page Table package (DPC)
\LTleft=\skip54
\LTright=\skip55
\LTpre=\skip56
\LTpost=\skip57
\LTchunksize=\count301
\LTcapwidth=\dimen159
\LT@head=\box55
\LT@firsthead=\box56
\LT@foot=\box57
\LT@lastfoot=\box58
\LT@gbox=\box59
\LT@cols=\count302
\LT@rows=\count303
\c@LT@tables=\count304
\c@LT@chunks=\count305
\LT@p@ftn=\toks22
)
(c:/Users/rober.LAPTOP-Q5ER5H2M/AppData/Roaming/TinyTeX/texmf-dist/tex/latex/bo
oktabs/booktabs.sty
Package: booktabs 2020/01/12 v1.61803398 Publication quality tables
\heavyrulewidth=\dimen160
\lightrulewidth=\dimen161
\cmidrulewidth=\dimen162
\belowrulesep=\dimen163
\belowbottomsep=\dimen164
\aboverulesep=\dimen165
\abovetopsep=\dimen166
\cmidrulesep=\dimen167
\cmidrulekern=\dimen168
\defaultaddspace=\dimen169
\@cmidla=\count306
\@cmidlb=\count307
\@aboverulesep=\dimen170
\@belowrulesep=\dimen171
\@thisruleclass=\count308
\@lastruleclass=\count309
\@thisrulewidth=\dimen172
)
(c:/Users/rober.LAPTOP-Q5ER5H2M/AppData/Roaming/TinyTeX/texmf-dist/tex/latex/to
ols/array.sty
Package: array 2021/04/20 v2.5e Tabular extension package (FMi)
\col@sep=\dimen173
\ar@mcellbox=\box60
\extrarowheight=\dimen174
\NC@list=\toks23
\extratabsurround=\skip58
\backup@length=\skip59
\ar@cellbox=\box61
)
(c:/Users/rober.LAPTOP-Q5ER5H2M/AppData/Roaming/TinyTeX/texmf-dist/tex/latex/to
ols/calc.sty
Package: calc 2017/05/25 v4.3 Infix arithmetic (KKT,FJ)
\calc@Acount=\count310
\calc@Bcount=\count311
\calc@Adimen=\dimen175
\calc@Bdimen=\dimen176
\calc@Askip=\skip60
\calc@Bskip=\skip61
LaTeX Info: Redefining \setlength on input line 80.
LaTeX Info: Redefining \addtolength on input line 81.
\calc@Ccount=\count312
\calc@Cskip=\skip62
)
(c:/Users/rober.LAPTOP-Q5ER5H2M/AppData/Roaming/TinyTeX/texmf-dist/tex/latex/et
oolbox/etoolbox.sty
Package: etoolbox 2020/10/05 v2.5k e-TeX tools for LaTeX (JAW)
\etb@tempcnta=\count313
)
(c:/Users/rober.LAPTOP-Q5ER5H2M/AppData/Roaming/TinyTeX/texmf-dist/tex/latex/md
wtools/footnote.sty
Package: footnote 1997/01/28 1.13 Save footnotes around boxes
\fn@notes=\box62
\fn@width=\dimen177
)
(c:/Users/rober.LAPTOP-Q5ER5H2M/AppData/Roaming/TinyTeX/texmf-dist/tex/latex/gr
aphics/graphicx.sty
Package: graphicx 2020/12/05 v1.2c Enhanced LaTeX Graphics (DPC,SPQR)

(c:/Users/rober.LAPTOP-Q5ER5H2M/AppData/Roaming/TinyTeX/texmf-dist/tex/latex/gr
aphics/graphics.sty
Package: graphics 2021/03/04 v1.4d Standard LaTeX Graphics (DPC,SPQR)

(c:/Users/rober.LAPTOP-Q5ER5H2M/AppData/Roaming/TinyTeX/texmf-dist/tex/latex/gr
aphics/trig.sty
Package: trig 2016/01/03 v1.10 sin cos tan (DPC)
)
(c:/Users/rober.LAPTOP-Q5ER5H2M/AppData/Roaming/TinyTeX/texmf-dist/tex/latex/gr
aphics-cfg/graphics.cfg
File: graphics.cfg 2016/06/04 v1.11 sample graphics configuration
)
Package graphics Info: Driver file: xetex.def on input line 107.
)
\Gin@req@height=\dimen178
\Gin@req@width=\dimen179
)
(c:/Users/rober.LAPTOP-Q5ER5H2M/AppData/Roaming/TinyTeX/texmf-dist/tex/latex/mu
ltirow/multirow.sty
Package: multirow 2021/03/15 v2.8 Span multiple rows of a table
\multirow@colwidth=\skip63
\multirow@cntb=\count314
\multirow@dima=\skip64
\bigstrutjot=\dimen180
)
(c:/Users/rober.LAPTOP-Q5ER5H2M/AppData/Roaming/TinyTeX/texmf-dist/tex/latex/wr
apfig/wrapfig.sty
\wrapoverhang=\dimen181
\WF@size=\dimen182
\c@WF@wrappedlines=\count315
\WF@box=\box63
\WF@everypar=\toks24
Package: wrapfig 2003/01/31  v 3.6
)
(c:/Users/rober.LAPTOP-Q5ER5H2M/AppData/Roaming/TinyTeX/texmf-dist/tex/latex/fl
oat/float.sty
Package: float 2001/11/08 v1.3d Float enhancements (AL)
\c@float@type=\count316
\float@exts=\toks25
\float@box=\box64
\@float@everytoks=\toks26
\@floatcapt=\box65
)
(c:/Users/rober.LAPTOP-Q5ER5H2M/AppData/Roaming/TinyTeX/texmf-dist/tex/latex/co
lortbl/colortbl.sty
Package: colortbl 2020/01/04 v1.0e Color table columns (DPC)
\everycr=\toks27
\minrowclearance=\skip65
)
(c:/Users/rober.LAPTOP-Q5ER5H2M/AppData/Roaming/TinyTeX/texmf-dist/tex/latex/pd
flscape/pdflscape.sty
Package: pdflscape 2019/12/05 v0.12 Display of landscape pages in PDF (HO)

(c:/Users/rober.LAPTOP-Q5ER5H2M/AppData/Roaming/TinyTeX/texmf-dist/tex/latex/gr
aphics/lscape.sty
Package: lscape 2020/05/28 v3.02 Landscape Pages (DPC)
)
Package pdflscape Info: Auto-detected driver: dvipdfm (xetex) on input line 98.

)
(c:/Users/rober.LAPTOP-Q5ER5H2M/AppData/Roaming/TinyTeX/texmf-dist/tex/latex/ta
bu/tabu.sty
Package: tabu 2019/01/11 v2.9 - flexible LaTeX tabulars (FC+tabu-fixed)

(c:/Users/rober.LAPTOP-Q5ER5H2M/AppData/Roaming/TinyTeX/texmf-dist/tex/latex/va
rwidth/varwidth.sty
Package: varwidth 2009/03/30 ver 0.92;  Variable-width minipages
\@vwid@box=\box66
\sift@deathcycles=\count317
\@vwid@loff=\dimen183
\@vwid@roff=\dimen184
)
\c@taburow=\count318
\tabu@nbcols=\count319
\tabu@cnt=\count320
\tabu@Xcol=\count321
\tabu@alloc=\count322
\tabu@nested=\count323
\tabu@target=\dimen185
\tabu@spreadtarget=\dimen186
\tabu@naturalX=\dimen187
\tabucolX=\dimen188
\tabu@Xsum=\dimen189
\extrarowdepth=\dimen190
\abovetabulinesep=\dimen191
\belowtabulinesep=\dimen192
\tabustrutrule=\dimen193
\tabu@thebody=\toks28
\tabu@footnotes=\toks29
\tabu@box=\box67
\tabu@arstrutbox=\box68
\tabu@hleads=\box69
\tabu@vleads=\box70
\tabu@cellskip=\skip66
)
(c:/Users/rober.LAPTOP-Q5ER5H2M/AppData/Roaming/TinyTeX/texmf-dist/tex/latex/th
reeparttable/threeparttable.sty
Package: threeparttable 2003/06/13  v 3.0
\@tempboxb=\box71
)
(c:/Users/rober.LAPTOP-Q5ER5H2M/AppData/Roaming/TinyTeX/texmf-dist/tex/latex/th
reeparttablex/threeparttablex.sty
Package: threeparttablex 2013/07/23 v0.3 by daleif

(c:/Users/rober.LAPTOP-Q5ER5H2M/AppData/Roaming/TinyTeX/texmf-dist/tex/latex/en
viron/environ.sty
Package: environ 2014/05/04 v0.3 A new way to define environments

(c:/Users/rober.LAPTOP-Q5ER5H2M/AppData/Roaming/TinyTeX/texmf-dist/tex/latex/tr
imspaces/trimspaces.sty
Package: trimspaces 2009/09/17 v1.1 Trim spaces around a token list
))
\TPTL@width=\skip67
)
(c:/Users/rober.LAPTOP-Q5ER5H2M/AppData/Roaming/TinyTeX/texmf-dist/tex/generic/
ulem/ulem.sty
\UL@box=\box72
\UL@hyphenbox=\box73
\UL@skip=\skip68
\UL@hook=\toks30
\UL@height=\dimen194
\UL@pe=\count324
\UL@pixel=\dimen195
\ULC@box=\box74
Package: ulem 2019/11/18
\ULdepth=\dimen196
)
(c:/Users/rober.LAPTOP-Q5ER5H2M/AppData/Roaming/TinyTeX/texmf-dist/tex/latex/ma
kecell/makecell.sty
Package: makecell 2009/08/03 V0.1e Managing of Tab Column Heads and Cells
\rotheadsize=\dimen197
\c@nlinenum=\count325
\TeXr@lab=\toks31
)
(c:/Users/rober.LAPTOP-Q5ER5H2M/AppData/Roaming/TinyTeX/texmf-dist/tex/latex/ca
ption/caption.sty
Package: caption 2020/10/26 v3.5g Customizing captions (AR)

(c:/Users/rober.LAPTOP-Q5ER5H2M/AppData/Roaming/TinyTeX/texmf-dist/tex/latex/ca
ption/caption3.sty
Package: caption3 2020/10/21 v2.2e caption3 kernel (AR)
\captionmargin=\dimen198
\captionmargin@=\dimen199
\captionwidth=\dimen256
\caption@tempdima=\dimen257
\caption@indent=\dimen258
\caption@parindent=\dimen259
\caption@hangindent=\dimen260
Package caption Info: Standard document class detected.
)
\c@caption@flags=\count326
\c@continuedfloat=\count327
Package caption Info: float package is loaded.
Package caption Info: hyperref package is loaded.
Package caption Info: longtable package is loaded.

(c:/Users/rober.LAPTOP-Q5ER5H2M/AppData/Roaming/TinyTeX/texmf-dist/tex/latex/ca
ption/ltcaption.sty
Package: ltcaption 2020/05/30 v1.4b longtable captions (AR)
)
Package caption Info: threeparttable package is loaded.
Package caption Info: wrapfig package is loaded.
)
(c:/Users/rober.LAPTOP-Q5ER5H2M/AppData/Roaming/TinyTeX/texmf-dist/tex/latex/si
unitx/siunitx.sty
Package: siunitx 2021-06-04 v3.0.10 A comprehensive (SI) units package
\l__siunitx_angle_tmp_dim=\dimen261
\l__siunitx_angle_marker_box=\box75
\l__siunitx_angle_unit_box=\box76
\l__siunitx_compound_count_int=\count328
\l__siunitx_number_exponent_fixed_int=\count329
\l__siunitx_number_min_decimal_int=\count330
\l__siunitx_number_min_integer_int=\count331
\l__siunitx_number_round_precision_int=\count332
\l__siunitx_number_group_minimum_int=\count333
\l__siunitx_table_tmp_box=\box77
\l__siunitx_table_tmp_dim=\dimen262
\l__siunitx_table_column_width_dim=\dimen263
\l__siunitx_table_integer_box=\box78
\l__siunitx_table_decimal_box=\box79
\l__siunitx_table_before_box=\box80
\l__siunitx_table_after_box=\box81
\l__siunitx_table_before_dim=\dimen264
\l__siunitx_table_carry_dim=\dimen265
\l__siunitx_unit_tmp_int=\count334
\l__siunitx_unit_position_int=\count335
\l__siunitx_unit_total_int=\count336
)
(c:/Users/rober.LAPTOP-Q5ER5H2M/AppData/Roaming/TinyTeX/texmf-dist/tex/latex/to
ols/hhline.sty
Package: hhline 2020/01/04 v2.04 Table rule package (DPC)
)
(c:/Users/rober.LAPTOP-Q5ER5H2M/AppData/Roaming/TinyTeX/texmf-dist/tex/latex/to
ols/tabularx.sty
Package: tabularx 2020/01/15 v2.11c `tabularx' package (DPC)
\TX@col@width=\dimen266
\TX@old@table=\dimen267
\TX@old@col=\dimen268
\TX@target=\dimen269
\TX@delta=\dimen270
\TX@cols=\count337
\TX@ftn=\toks32
)
(c:/Users/rober.LAPTOP-Q5ER5H2M/AppData/Roaming/TinyTeX/texmf-dist/tex/latex/ad
justbox/adjustbox.sty
Package: adjustbox 2020/08/19 v1.3 Adjusting TeX boxes (trim, clip, ...)

(c:/Users/rober.LAPTOP-Q5ER5H2M/AppData/Roaming/TinyTeX/texmf-dist/tex/latex/xk
eyval/xkeyval.sty
Package: xkeyval 2020/11/20 v2.8 package option processing (HA)

(c:/Users/rober.LAPTOP-Q5ER5H2M/AppData/Roaming/TinyTeX/texmf-dist/tex/generic/
xkeyval/xkeyval.tex
(c:/Users/rober.LAPTOP-Q5ER5H2M/AppData/Roaming/TinyTeX/texmf-dist/tex/generic/
xkeyval/xkvutils.tex
\XKV@toks=\toks33
\XKV@tempa@toks=\toks34
)
\XKV@depth=\count338
File: xkeyval.tex 2014/12/03 v2.7a key=value parser (HA)
))
(c:/Users/rober.LAPTOP-Q5ER5H2M/AppData/Roaming/TinyTeX/texmf-dist/tex/latex/ad
justbox/adjcalc.sty
Package: adjcalc 2012/05/16 v1.1 Provides advanced setlength with multiple back
-ends (calc, etex, pgfmath)
)
(c:/Users/rober.LAPTOP-Q5ER5H2M/AppData/Roaming/TinyTeX/texmf-dist/tex/latex/ad
justbox/trimclip.sty
Package: trimclip 2020/08/19 v1.2 Trim and clip general TeX material

(c:/Users/rober.LAPTOP-Q5ER5H2M/AppData/Roaming/TinyTeX/texmf-dist/tex/latex/co
llectbox/collectbox.sty
Package: collectbox 2012/05/17 v0.4b Collect macro arguments as boxes
\collectedbox=\box82
)
\tc@llx=\dimen271
\tc@lly=\dimen272
\tc@urx=\dimen273
\tc@ury=\dimen274
Package trimclip Info: Using driver 'tc-xetex.def'.

(c:/Users/rober.LAPTOP-Q5ER5H2M/AppData/Roaming/TinyTeX/texmf-dist/tex/latex/ad
justbox/tc-xetex.def
File: tc-xetex.def 2019/01/04 v2.2 Clipping driver for xetex
))
\adjbox@Width=\dimen275
\adjbox@Height=\dimen276
\adjbox@Depth=\dimen277
\adjbox@Totalheight=\dimen278
\adjbox@pwidth=\dimen279
\adjbox@pheight=\dimen280
\adjbox@pdepth=\dimen281
\adjbox@ptotalheight=\dimen282
)
(c:/Users/rober.LAPTOP-Q5ER5H2M/AppData/Roaming/TinyTeX/texmf-dist/tex/latex/na
tbib/natbib.sty
Package: natbib 2010/09/13 8.31b (PWD, AO)
\bibhang=\skip69
\bibsep=\skip70
LaTeX Info: Redefining \cite on input line 694.
\c@NAT@ctr=\count339
) (./Tablas-y-graficos-con-R-y-RStudio.aux

LaTeX Warning: Label `fig:7000' multiply defined.


LaTeX Warning: Label `fig:7020' multiply defined.


LaTeX Warning: Label `fig:7030' multiply defined.

)
\openout1 = `Tablas-y-graficos-con-R-y-RStudio.aux'.

LaTeX Font Info:    Checking defaults for OML/cmm/m/it on input line 144.
LaTeX Font Info:    ... okay on input line 144.
LaTeX Font Info:    Checking defaults for OMS/cmsy/m/n on input line 144.
LaTeX Font Info:    ... okay on input line 144.
LaTeX Font Info:    Checking defaults for OT1/cmr/m/n on input line 144.
LaTeX Font Info:    ... okay on input line 144.
LaTeX Font Info:    Checking defaults for T1/cmr/m/n on input line 144.
LaTeX Font Info:    ... okay on input line 144.
LaTeX Font Info:    Checking defaults for TS1/cmr/m/n on input line 144.
LaTeX Font Info:    ... okay on input line 144.
LaTeX Font Info:    Checking defaults for TU/lmr/m/n on input line 144.
LaTeX Font Info:    ... okay on input line 144.
LaTeX Font Info:    Checking defaults for OMX/cmex/m/n on input line 144.
LaTeX Font Info:    ... okay on input line 144.
LaTeX Font Info:    Checking defaults for U/cmr/m/n on input line 144.
LaTeX Font Info:    ... okay on input line 144.
LaTeX Font Info:    Checking defaults for PD1/pdf/m/n on input line 144.
LaTeX Font Info:    ... okay on input line 144.
LaTeX Font Info:    Checking defaults for PU/pdf/m/n on input line 144.
LaTeX Font Info:    ... okay on input line 144.
LaTeX Font Info:    Overwriting math alphabet `\mathrm' in version `normal'
(Font)                  OT1/lmr/m/n --> TU/lmr/m/n on input line 144.
LaTeX Font Info:    Overwriting math alphabet `\mathit' in version `normal'
(Font)                  OT1/lmr/m/it --> TU/lmr/m/it on input line 144.
LaTeX Font Info:    Overwriting math alphabet `\mathbf' in version `normal'
(Font)                  OT1/lmr/bx/n --> TU/lmr/bx/n on input line 144.
LaTeX Font Info:    Overwriting math alphabet `\mathsf' in version `normal'
(Font)                  OT1/lmss/m/n --> TU/lmss/m/n on input line 144.
LaTeX Font Info:    Overwriting math alphabet `\mathsf' in version `bold'
(Font)                  OT1/lmss/bx/n --> TU/lmss/bx/n on input line 144.
LaTeX Font Info:    Overwriting math alphabet `\mathtt' in version `normal'
(Font)                  OT1/lmtt/m/n --> TU/lmtt/m/n on input line 144.
LaTeX Font Info:    Overwriting math alphabet `\mathtt' in version `bold'
(Font)                  OT1/lmtt/m/n --> TU/lmtt/bx/n on input line 144.

Package fontspec Info: latinmodern-math scale = 0.9999964596882403.


Package fontspec Info: latinmodern-math scale = 0.9999964596882403.


Package fontspec Info: latinmodern-math scale = 0.9999964596882403.


Package fontspec Info: Font family 'latinmodern-math.otf(0)' created for font
(fontspec)             'latinmodern-math.otf' with options
(fontspec)             [Scale=MatchLowercase,BoldItalicFont={},ItalicFont={},Sm
allCapsFont={},Script=Math,BoldFont={latinmodern-math.otf}].
(fontspec)              
(fontspec)              This font family consists of the following NFSS
(fontspec)             series/shapes:
(fontspec)              
(fontspec)             - 'normal' (m/n) with NFSS spec.:
(fontspec)             <->s*[0.9999964596882403]"[latinmodern-math.otf]/OT:scri
pt=math;language=dflt;"
(fontspec)             - 'small caps'  (m/sc) with NFSS spec.: 
(fontspec)             - 'bold' (b/n) with NFSS spec.:
(fontspec)             <->s*[0.9999964596882403]"[latinmodern-math.otf]/OT:scri
pt=math;language=dflt;"
(fontspec)             - 'bold small caps'  (b/sc) with NFSS spec.: 

LaTeX Font Info:    Font shape `TU/latinmodern-math.otf(0)/m/n' will be
(Font)              scaled to size 10.0pt on input line 144.

Package fontspec Info: latinmodern-math scale = 0.9999964596882403.


Package fontspec Info: latinmodern-math scale = 0.9999964596882403.


Package fontspec Info: latinmodern-math scale = 0.9999964596882403.


Package fontspec Info: latinmodern-math scale = 0.9999964596882403.


Package fontspec Info: latinmodern-math scale = 0.9999964596882403.


Package fontspec Info: Font family 'latinmodern-math.otf(1)' created for font
(fontspec)             'latinmodern-math.otf' with options
(fontspec)             [Scale=MatchLowercase,BoldItalicFont={},ItalicFont={},Sm
allCapsFont={},Script=Math,SizeFeatures={{Size=8.5-},{Size=6-8.5,Font=latinmode
rn-math.otf,Style=MathScript},{Size=-6,Font=latinmodern-math.otf,Style=MathScri
ptScript}},BoldFont={latinmodern-math.otf}].
(fontspec)              
(fontspec)              This font family consists of the following NFSS
(fontspec)             series/shapes:
(fontspec)              
(fontspec)             - 'normal' (m/n) with NFSS spec.:
(fontspec)             <8.5->s*[0.9999964596882403]"[latinmodern-math.otf]/OT:s
cript=math;language=dflt;"<6-8.5>s*[0.9999964596882403]"[latinmodern-math.otf]/
OT:script=math;language=dflt;+ssty=0;"<-6>s*[0.9999964596882403]"[latinmodern-m
ath.otf]/OT:script=math;language=dflt;+ssty=1;"
(fontspec)             - 'small caps'  (m/sc) with NFSS spec.: 
(fontspec)             - 'bold' (b/n) with NFSS spec.:
(fontspec)             <->s*[0.9999964596882403]"[latinmodern-math.otf]/OT:scri
pt=math;language=dflt;"
(fontspec)             - 'bold small caps'  (b/sc) with NFSS spec.: 

LaTeX Font Info:    Font shape `TU/latinmodern-math.otf(1)/m/n' will be
(Font)              scaled to size 10.0pt on input line 144.
LaTeX Font Info:    Encoding `OT1' has changed to `TU' for symbol font
(Font)              `operators' in the math version `normal' on input line 144.

LaTeX Font Info:    Overwriting symbol font `operators' in version `normal'
(Font)                  OT1/lmr/m/n --> TU/latinmodern-math.otf(1)/m/n on input
 line 144.
LaTeX Font Info:    Encoding `OT1' has changed to `TU' for symbol font
(Font)              `operators' in the math version `bold' on input line 144.
LaTeX Font Info:    Overwriting symbol font `operators' in version `bold'
(Font)                  OT1/lmr/bx/n --> TU/latinmodern-math.otf(1)/b/n on inpu
t line 144.

Package fontspec Info: latinmodern-math scale = 0.9999964596882403.


Package fontspec Info: latinmodern-math scale = 1.000096459334209.


Package fontspec Info: latinmodern-math scale = 0.9999964596882403.


Package fontspec Info: latinmodern-math scale = 1.000096459334209.


Package fontspec Info: latinmodern-math scale = 0.9999964596882403.


Package fontspec Info: latinmodern-math scale = 1.000096459334209.


Package fontspec Info: latinmodern-math scale = 0.9999964596882403.


Package fontspec Info: latinmodern-math scale = 1.000096459334209.


Package fontspec Info: latinmodern-math scale = 0.9999964596882403.


Package fontspec Info: latinmodern-math scale = 1.000096459334209.


Package fontspec Info: Font family 'latinmodern-math.otf(2)' created for font
(fontspec)             'latinmodern-math.otf' with options
(fontspec)             [Scale=MatchLowercase,BoldItalicFont={},ItalicFont={},Sm
allCapsFont={},Script=Math,SizeFeatures={{Size=8.5-},{Size=6-8.5,Font=latinmode
rn-math.otf,Style=MathScript},{Size=-6,Font=latinmodern-math.otf,Style=MathScri
ptScript}},BoldFont={latinmodern-math.otf},ScaleAgain=1.0001,FontAdjustment={\f
ontdimen
(fontspec)             8\font =6.77pt\relax \fontdimen 9\font =3.94pt\relax
(fontspec)             \fontdimen 10\font =4.44pt\relax \fontdimen 11\font
(fontspec)             =6.86pt\relax \fontdimen 12\font =3.45pt\relax
(fontspec)             \fontdimen 13\font =3.63pt\relax \fontdimen 14\font
(fontspec)             =3.63pt\relax \fontdimen 15\font =2.89pt\relax
(fontspec)             \fontdimen 16\font =2.47pt\relax \fontdimen 17\font
(fontspec)             =2.47pt\relax \fontdimen 18\font =2.5pt\relax
(fontspec)             \fontdimen 19\font =2.0pt\relax \fontdimen 22\font
(fontspec)             =2.5pt\relax \fontdimen 20\font =0pt\relax \fontdimen
(fontspec)             21\font =0pt\relax }].
(fontspec)              
(fontspec)              This font family consists of the following NFSS
(fontspec)             series/shapes:
(fontspec)              
(fontspec)             - 'normal' (m/n) with NFSS spec.:
(fontspec)             <8.5->s*[1.000096459334209]"[latinmodern-math.otf]/OT:sc
ript=math;language=dflt;"<6-8.5>s*[1.000096459334209]"[latinmodern-math.otf]/OT
:script=math;language=dflt;+ssty=0;"<-6>s*[1.000096459334209]"[latinmodern-math
.otf]/OT:script=math;language=dflt;+ssty=1;"
(fontspec)             - 'small caps'  (m/sc) with NFSS spec.: 
(fontspec)             and font adjustment code:
(fontspec)             \fontdimen 8\font =6.77pt\relax \fontdimen 9\font
(fontspec)             =3.94pt\relax \fontdimen 10\font =4.44pt\relax
(fontspec)             \fontdimen 11\font =6.86pt\relax \fontdimen 12\font
(fontspec)             =3.45pt\relax \fontdimen 13\font =3.63pt\relax
(fontspec)             \fontdimen 14\font =3.63pt\relax \fontdimen 15\font
(fontspec)             =2.89pt\relax \fontdimen 16\font =2.47pt\relax
(fontspec)             \fontdimen 17\font =2.47pt\relax \fontdimen 18\font
(fontspec)             =2.5pt\relax \fontdimen 19\font =2.0pt\relax \fontdimen
(fontspec)             22\font =2.5pt\relax \fontdimen 20\font =0pt\relax
(fontspec)             \fontdimen 21\font =0pt\relax 
(fontspec)             - 'bold' (b/n) with NFSS spec.:
(fontspec)             <->s*[1.000096459334209]"[latinmodern-math.otf]/OT:scrip
t=math;language=dflt;"
(fontspec)             - 'bold small caps'  (b/sc) with NFSS spec.: 
(fontspec)             and font adjustment code:
(fontspec)             \fontdimen 8\font =6.77pt\relax \fontdimen 9\font
(fontspec)             =3.94pt\relax \fontdimen 10\font =4.44pt\relax
(fontspec)             \fontdimen 11\font =6.86pt\relax \fontdimen 12\font
(fontspec)             =3.45pt\relax \fontdimen 13\font =3.63pt\relax
(fontspec)             \fontdimen 14\font =3.63pt\relax \fontdimen 15\font
(fontspec)             =2.89pt\relax \fontdimen 16\font =2.47pt\relax
(fontspec)             \fontdimen 17\font =2.47pt\relax \fontdimen 18\font
(fontspec)             =2.5pt\relax \fontdimen 19\font =2.0pt\relax \fontdimen
(fontspec)             22\font =2.5pt\relax \fontdimen 20\font =0pt\relax
(fontspec)             \fontdimen 21\font =0pt\relax 

LaTeX Font Info:    Encoding `OMS' has changed to `TU' for symbol font
(Font)              `symbols' in the math version `normal' on input line 144.
LaTeX Font Info:    Overwriting symbol font `symbols' in version `normal'
(Font)                  OMS/lmsy/m/n --> TU/latinmodern-math.otf(2)/m/n on inpu
t line 144.
LaTeX Font Info:    Encoding `OMS' has changed to `TU' for symbol font
(Font)              `symbols' in the math version `bold' on input line 144.
LaTeX Font Info:    Overwriting symbol font `symbols' in version `bold'
(Font)                  OMS/lmsy/b/n --> TU/latinmodern-math.otf(2)/b/n on inpu
t line 144.

Package fontspec Info: latinmodern-math scale = 0.9999964596882403.


Package fontspec Info: latinmodern-math scale = 0.9998964600422715.


Package fontspec Info: latinmodern-math scale = 0.9999964596882403.


Package fontspec Info: latinmodern-math scale = 0.9998964600422715.


Package fontspec Info: latinmodern-math scale = 0.9999964596882403.


Package fontspec Info: latinmodern-math scale = 0.9998964600422715.


Package fontspec Info: latinmodern-math scale = 0.9999964596882403.


Package fontspec Info: latinmodern-math scale = 0.9998964600422715.


Package fontspec Info: latinmodern-math scale = 0.9999964596882403.


Package fontspec Info: latinmodern-math scale = 0.9998964600422715.


Package fontspec Info: Font family 'latinmodern-math.otf(3)' created for font
(fontspec)             'latinmodern-math.otf' with options
(fontspec)             [Scale=MatchLowercase,BoldItalicFont={},ItalicFont={},Sm
allCapsFont={},Script=Math,SizeFeatures={{Size=8.5-},{Size=6-8.5,Font=latinmode
rn-math.otf,Style=MathScript},{Size=-6,Font=latinmodern-math.otf,Style=MathScri
ptScript}},BoldFont={latinmodern-math.otf},ScaleAgain=0.9999,FontAdjustment={\f
ontdimen
(fontspec)             8\font =0.4pt\relax \fontdimen 9\font =2.0pt\relax
(fontspec)             \fontdimen 10\font =1.67pt\relax \fontdimen 11\font
(fontspec)             =1.11pt\relax \fontdimen 12\font =6.0pt\relax
(fontspec)             \fontdimen 13\font =0pt\relax }].
(fontspec)              
(fontspec)              This font family consists of the following NFSS
(fontspec)             series/shapes:
(fontspec)              
(fontspec)             - 'normal' (m/n) with NFSS spec.:
(fontspec)             <8.5->s*[0.9998964600422715]"[latinmodern-math.otf]/OT:s
cript=math;language=dflt;"<6-8.5>s*[0.9998964600422715]"[latinmodern-math.otf]/
OT:script=math;language=dflt;+ssty=0;"<-6>s*[0.9998964600422715]"[latinmodern-m
ath.otf]/OT:script=math;language=dflt;+ssty=1;"
(fontspec)             - 'small caps'  (m/sc) with NFSS spec.: 
(fontspec)             and font adjustment code:
(fontspec)             \fontdimen 8\font =0.4pt\relax \fontdimen 9\font
(fontspec)             =2.0pt\relax \fontdimen 10\font =1.67pt\relax
(fontspec)             \fontdimen 11\font =1.11pt\relax \fontdimen 12\font
(fontspec)             =6.0pt\relax \fontdimen 13\font =0pt\relax 
(fontspec)             - 'bold' (b/n) with NFSS spec.:
(fontspec)             <->s*[0.9998964600422715]"[latinmodern-math.otf]/OT:scri
pt=math;language=dflt;"
(fontspec)             - 'bold small caps'  (b/sc) with NFSS spec.: 
(fontspec)             and font adjustment code:
(fontspec)             \fontdimen 8\font =0.4pt\relax \fontdimen 9\font
(fontspec)             =2.0pt\relax \fontdimen 10\font =1.67pt\relax
(fontspec)             \fontdimen 11\font =1.11pt\relax \fontdimen 12\font
(fontspec)             =6.0pt\relax \fontdimen 13\font =0pt\relax 

LaTeX Font Info:    Encoding `OMX' has changed to `TU' for symbol font
(Font)              `largesymbols' in the math version `normal' on input line 1
44.
LaTeX Font Info:    Overwriting symbol font `largesymbols' in version `normal'
(Font)                  OMX/lmex/m/n --> TU/latinmodern-math.otf(3)/m/n on inpu
t line 144.
LaTeX Font Info:    Encoding `OMX' has changed to `TU' for symbol font
(Font)              `largesymbols' in the math version `bold' on input line 144
.
LaTeX Font Info:    Overwriting symbol font `largesymbols' in version `bold'
(Font)                  OMX/lmex/m/n --> TU/latinmodern-math.otf(3)/b/n on inpu
t line 144.
Package hyperref Info: Link coloring OFF on input line 144.

(c:/Users/rober.LAPTOP-Q5ER5H2M/AppData/Roaming/TinyTeX/texmf-dist/tex/latex/hy
perref/nameref.sty
Package: nameref 2021-04-02 v2.47 Cross-referencing by name of section

(c:/Users/rober.LAPTOP-Q5ER5H2M/AppData/Roaming/TinyTeX/texmf-dist/tex/latex/re
fcount/refcount.sty
Package: refcount 2019/12/15 v3.6 Data extraction from label references (HO)
)
(c:/Users/rober.LAPTOP-Q5ER5H2M/AppData/Roaming/TinyTeX/texmf-dist/tex/generic/
gettitlestring/gettitlestring.sty
Package: gettitlestring 2019/12/15 v1.6 Cleanup title references (HO)
)
\c@section@level=\count340
)
LaTeX Info: Redefining \ref on input line 144.
LaTeX Info: Redefining \pageref on input line 144.
LaTeX Info: Redefining \nameref on input line 144.
(./Tablas-y-graficos-con-R-y-RStudio.out) (./Tablas-y-graficos-con-R-y-RStudio.
out)
\@outlinefile=\write4
\openout4 = `Tablas-y-graficos-con-R-y-RStudio.out'.

Package caption Info: Begin \AtBeginDocument code.
Package caption Info: End \AtBeginDocument code.
LaTeX Font Info:    Font shape `TU/latinmodern-math.otf(1)/m/n' will be
(Font)              scaled to size 12.0pt on input line 146.
LaTeX Font Info:    Font shape `TU/latinmodern-math.otf(1)/m/n' will be
(Font)              scaled to size 8.0pt on input line 146.
LaTeX Font Info:    Font shape `TU/latinmodern-math.otf(1)/m/n' will be
(Font)              scaled to size 6.0pt on input line 146.
LaTeX Font Info:    Trying to load font information for OML+lmm on input line 1
46.

(c:/Users/rober.LAPTOP-Q5ER5H2M/AppData/Roaming/TinyTeX/texmf-dist/tex/latex/lm
/omllmm.fd
File: omllmm.fd 2015/05/01 v1.6.1 Font defs for Latin Modern
)
LaTeX Font Info:    Font shape `TU/latinmodern-math.otf(2)/m/n' will be
(Font)              scaled to size 12.0011pt on input line 146.
LaTeX Font Info:    Font shape `TU/latinmodern-math.otf(2)/m/n' will be
(Font)              scaled to size 8.00073pt on input line 146.
LaTeX Font Info:    Font shape `TU/latinmodern-math.otf(2)/m/n' will be
(Font)              scaled to size 6.00055pt on input line 146.
LaTeX Font Info:    Font shape `TU/latinmodern-math.otf(3)/m/n' will be
(Font)              scaled to size 11.99872pt on input line 146.
LaTeX Font Info:    Font shape `TU/latinmodern-math.otf(3)/m/n' will be
(Font)              scaled to size 7.99915pt on input line 146.
LaTeX Font Info:    Font shape `TU/latinmodern-math.otf(3)/m/n' will be
(Font)              scaled to size 5.99936pt on input line 146.
LaTeX Font Info:    Trying to load font information for U+msa on input line 146
.

(c:/Users/rober.LAPTOP-Q5ER5H2M/AppData/Roaming/TinyTeX/texmf-dist/tex/latex/am
sfonts/umsa.fd
File: umsa.fd 2013/01/14 v3.01 AMS symbols A
)
LaTeX Font Info:    Trying to load font information for U+msb on input line 146
.

(c:/Users/rober.LAPTOP-Q5ER5H2M/AppData/Roaming/TinyTeX/texmf-dist/tex/latex/am
sfonts/umsb.fd
File: umsb.fd 2013/01/14 v3.01 AMS symbols B
)
File: data/portada.png Graphic file (type bmp)
<data/portada.png>

Overfull \hbox (106.57518pt too wide) in paragraph at lines 146--146
 [][] 
 []

[1


] [2

] (./Tablas-y-graficos-con-R-y-RStudio.toc)
\tf@toc=\write5
\openout5 = `Tablas-y-graficos-con-R-y-RStudio.toc'.

[3] [4

]

Package natbib Warning: Citation `R-base' on page 5 undefined on input line 155
.

LaTeX Font Info:    Font shape `TU/latinmodern-math.otf(1)/m/n' will be
(Font)              scaled to size 7.0pt on input line 163.
LaTeX Font Info:    Font shape `TU/latinmodern-math.otf(1)/m/n' will be
(Font)              scaled to size 5.0pt on input line 163.
LaTeX Font Info:    Font shape `TU/latinmodern-math.otf(2)/m/n' will be
(Font)              scaled to size 10.00092pt on input line 163.
LaTeX Font Info:    Font shape `TU/latinmodern-math.otf(2)/m/n' will be
(Font)              scaled to size 7.00064pt on input line 163.
LaTeX Font Info:    Font shape `TU/latinmodern-math.otf(2)/m/n' will be
(Font)              scaled to size 5.00046pt on input line 163.
LaTeX Font Info:    Font shape `TU/latinmodern-math.otf(3)/m/n' will be
(Font)              scaled to size 9.99893pt on input line 163.
LaTeX Font Info:    Font shape `TU/latinmodern-math.otf(3)/m/n' will be
(Font)              scaled to size 6.99925pt on input line 163.
LaTeX Font Info:    Font shape `TU/latinmodern-math.otf(3)/m/n' will be
(Font)              scaled to size 4.99947pt on input line 163.
[5]
File: data/88x31.png Graphic file (type bmp)
<data/88x31.png>
[6]
Chapter 1.

Package natbib Warning: Citation `R-base' on page 7 undefined on input line 187
.

[7

] [8]

Package natbib Warning: Citation `expss' on page 9 undefined on input line 236.


LaTeX Font Info:    Font shape `TU/lmtt/bx/n' in size <10> not available
(Font)              Font shape `TU/lmtt/b/n' tried instead on input line 236.

Package natbib Warning: Citation `highcharter' on page 9 undefined on input lin
e 236.


Package natbib Warning: Citation `bookdown' on page 9 undefined on input line 2
36.

[9]
File: data/01.png Graphic file (type bmp)
<data/01.png>
File: data/02.png Graphic file (type bmp)
<data/02.png>
File: data/03.png Graphic file (type bmp)
<data/03.png>
[10]
File: data/04.png Graphic file (type bmp)
<data/04.png>
File: data/08.png Graphic file (type bmp)
<data/08.png>

Underfull \vbox (badness 10000) has occurred while \output is active []

[11]
File: data/09.png Graphic file (type bmp)
<data/09.png>

Underfull \vbox (badness 10000) has occurred while \output is active []

[12]
File: data/10.png Graphic file (type bmp)
<data/10.png>

Underfull \vbox (badness 10000) has occurred while \output is active []

[13]
File: data/11.png Graphic file (type bmp)
<data/11.png>

Underfull \vbox (badness 10000) has occurred while \output is active []

[14]
File: data/12.png Graphic file (type bmp)
<data/12.png>

Underfull \vbox (badness 10000) has occurred while \output is active []

[15]
File: data/13.png Graphic file (type bmp)
<data/13.png>

Underfull \vbox (badness 10000) has occurred while \output is active []

[16]
File: data/14.png Graphic file (type bmp)
<data/14.png>

Underfull \vbox (badness 10000) has occurred while \output is active []

[17]
File: data/15.png Graphic file (type bmp)
<data/15.png>

Underfull \vbox (badness 10000) has occurred while \output is active []

[18]
Underfull \hbox (badness 6842) in paragraph at lines 379--381
[]\TU/lmr/m/n/10 Abre el siguiente enlace []$[][][][][] [] [] [] []$[] Studio.c
om/products/R Stu-
 []

File: data/R01.png Graphic file (type bmp)
<data/R01.png>
[19]
File: data/R02.png Graphic file (type bmp)
<data/R02.png>
File: data/R06.png Graphic file (type bmp)
<data/R06.png>
[20]
File: data/R07.png Graphic file (type bmp)
<data/R07.png>

Underfull \vbox (badness 10000) has occurred while \output is active []

[21]
File: data/R08.png Graphic file (type bmp)
<data/R08.png>

Underfull \vbox (badness 10000) has occurred while \output is active []

[22]
File: data/R09.png Graphic file (type bmp)
<data/R09.png>
[23]
File: data/R10.png Graphic file (type bmp)
<data/R10.png>
File: data/R11.png Graphic file (type bmp)
<data/R11.png>
[24]
File: data/RS01.png Graphic file (type bmp)
<data/RS01.png>

Underfull \vbox (badness 10000) has occurred while \output is active []

[25]
File: data/RS03.png Graphic file (type bmp)
<data/RS03.png>

Underfull \vbox (badness 10000) has occurred while \output is active []

[26] [27] [28]
Chapter 2.
[29

]
File: data/RS04.png Graphic file (type bmp)
<data/RS04.png>

Underfull \vbox (badness 10000) has occurred while \output is active []

[30]
File: data/RS05.png Graphic file (type bmp)
<data/RS05.png>
File: data/RS06.png Graphic file (type bmp)
<data/RS06.png>

Underfull \vbox (badness 10000) has occurred while \output is active []

[31]
File: data/install_packages.png Graphic file (type bmp)
<data/install_packages.png>

Underfull \vbox (badness 10000) has occurred while \output is active []

[32]
Underfull \hbox (badness 1728) in paragraph at lines 549--550
[]\TU/lmr/m/n/10 Utiliza la opcin arriba indicada y siguiendo las indicaciones
 descritas
 []

File: data/RS07.png Graphic file (type bmp)
<data/RS07.png>

Underfull \vbox (badness 10000) has occurred while \output is active []

[33]
File: data/RS08.png Graphic file (type bmp)
<data/RS08.png>

Underfull \hbox (badness 10000) in paragraph at lines 566--568
[][]
 []

File: data/RS09.png Graphic file (type bmp)
<data/RS09.png>

Underfull \vbox (badness 10000) has occurred while \output is active []

[34]
File: data/RS10.png Graphic file (type bmp)
<data/RS10.png>
[35]
File: data/RS11.png Graphic file (type bmp)
<data/RS11.png>
File: data/RS12.png Graphic file (type bmp)
<data/RS12.png>
File: data/RS13.png Graphic file (type bmp)
<data/RS13.png>

Underfull \vbox (badness 10000) has occurred while \output is active []

[36] [37]

Package natbib Warning: Citation `sanchez1989analisis' on page 38 undefined on 
input line 669.

[38] [39] [40

]
Chapter 3.

Package natbib Warning: Citation `expss' on page 41 undefined on input line 714
.

[41] [42]
File: Tablas-y-graficos-con-R-y-RStudio_files/figure-latex/unnamed-chunk-4-1.pd
f Graphic file (type pdf)
<use Tablas-y-graficos-con-R-y-RStudio_files/figure-latex/unnamed-chunk-4-1.pdf
>

Underfull \vbox (badness 10000) has occurred while \output is active []

[43]
File: Tablas-y-graficos-con-R-y-RStudio_files/figure-latex/unnamed-chunk-5-1.pd
f Graphic file (type pdf)
<use Tablas-y-graficos-con-R-y-RStudio_files/figure-latex/unnamed-chunk-5-1.pdf
>

Underfull \vbox (badness 10000) has occurred while \output is active []

[44] [45]
File: Tablas-y-graficos-con-R-y-RStudio_files/figure-latex/unnamed-chunk-6-1.pd
f Graphic file (type pdf)
<use Tablas-y-graficos-con-R-y-RStudio_files/figure-latex/unnamed-chunk-6-1.pdf
>

Underfull \hbox (badness 1043) in paragraph at lines 893--894
\TU/lmtt/m/n/10 total_row_position = "above", label = "Casos" \TU/lmr/m/n/10 ap
licado a la funcin
 []

File: Tablas-y-graficos-con-R-y-RStudio_files/figure-latex/unnamed-chunk-7-1.pd
f Graphic file (type pdf)
<use Tablas-y-graficos-con-R-y-RStudio_files/figure-latex/unnamed-chunk-7-1.pdf
>
[46]
File: Tablas-y-graficos-con-R-y-RStudio_files/figure-latex/unnamed-chunk-8-1.pd
f Graphic file (type pdf)
<use Tablas-y-graficos-con-R-y-RStudio_files/figure-latex/unnamed-chunk-8-1.pdf
>

Underfull \vbox (badness 10000) has occurred while \output is active []

[47]
File: Tablas-y-graficos-con-R-y-RStudio_files/figure-latex/unnamed-chunk-9-1.pd
f Graphic file (type pdf)
<use Tablas-y-graficos-con-R-y-RStudio_files/figure-latex/unnamed-chunk-9-1.pdf
>

Underfull \vbox (badness 10000) has occurred while \output is active []

[48]
File: Tablas-y-graficos-con-R-y-RStudio_files/figure-latex/unnamed-chunk-10-1.p
df Graphic file (type pdf)
<use Tablas-y-graficos-con-R-y-RStudio_files/figure-latex/unnamed-chunk-10-1.pd
f>

Underfull \vbox (badness 10000) has occurred while \output is active []

[49]
File: Tablas-y-graficos-con-R-y-RStudio_files/figure-latex/unnamed-chunk-11-1.p
df Graphic file (type pdf)
<use Tablas-y-graficos-con-R-y-RStudio_files/figure-latex/unnamed-chunk-11-1.pd
f>
[50]
File: Tablas-y-graficos-con-R-y-RStudio_files/figure-latex/unnamed-chunk-12-1.p
df Graphic file (type pdf)
<use Tablas-y-graficos-con-R-y-RStudio_files/figure-latex/unnamed-chunk-12-1.pd
f>
[51]
File: Tablas-y-graficos-con-R-y-RStudio_files/figure-latex/unnamed-chunk-13-1.p
df Graphic file (type pdf)
<use Tablas-y-graficos-con-R-y-RStudio_files/figure-latex/unnamed-chunk-13-1.pd
f>

Underfull \vbox (badness 10000) has occurred while \output is active []

[52]
File: Tablas-y-graficos-con-R-y-RStudio_files/figure-latex/unnamed-chunk-14-1.p
df Graphic file (type pdf)
<use Tablas-y-graficos-con-R-y-RStudio_files/figure-latex/unnamed-chunk-14-1.pd
f>

Underfull \vbox (badness 10000) has occurred while \output is active []

[53]
File: Tablas-y-graficos-con-R-y-RStudio_files/figure-latex/unnamed-chunk-15-1.p
df Graphic file (type pdf)
<use Tablas-y-graficos-con-R-y-RStudio_files/figure-latex/unnamed-chunk-15-1.pd
f>

Underfull \vbox (badness 10000) has occurred while \output is active []

[54]
File: Tablas-y-graficos-con-R-y-RStudio_files/figure-latex/unnamed-chunk-16-1.p
df Graphic file (type pdf)
<use Tablas-y-graficos-con-R-y-RStudio_files/figure-latex/unnamed-chunk-16-1.pd
f>

Underfull \vbox (badness 10000) has occurred while \output is active []

[55]
File: Tablas-y-graficos-con-R-y-RStudio_files/figure-latex/unnamed-chunk-17-1.p
df Graphic file (type pdf)
<use Tablas-y-graficos-con-R-y-RStudio_files/figure-latex/unnamed-chunk-17-1.pd
f>

Underfull \vbox (badness 10000) has occurred while \output is active []

[56]
File: Tablas-y-graficos-con-R-y-RStudio_files/figure-latex/unnamed-chunk-18-1.p
df Graphic file (type pdf)
<use Tablas-y-graficos-con-R-y-RStudio_files/figure-latex/unnamed-chunk-18-1.pd
f>

Underfull \vbox (badness 10000) has occurred while \output is active []

[57] [58]
File: Tablas-y-graficos-con-R-y-RStudio_files/figure-latex/unnamed-chunk-19-1.p
df Graphic file (type pdf)
<use Tablas-y-graficos-con-R-y-RStudio_files/figure-latex/unnamed-chunk-19-1.pd
f>
File: Tablas-y-graficos-con-R-y-RStudio_files/figure-latex/unnamed-chunk-20-1.p
df Graphic file (type pdf)
<use Tablas-y-graficos-con-R-y-RStudio_files/figure-latex/unnamed-chunk-20-1.pd
f>

Underfull \vbox (badness 10000) has occurred while \output is active []

[59]
File: Tablas-y-graficos-con-R-y-RStudio_files/figure-latex/unnamed-chunk-21-1.p
df Graphic file (type pdf)
<use Tablas-y-graficos-con-R-y-RStudio_files/figure-latex/unnamed-chunk-21-1.pd
f>

Underfull \vbox (badness 10000) has occurred while \output is active []

[60]
File: Tablas-y-graficos-con-R-y-RStudio_files/figure-latex/unnamed-chunk-22-1.p
df Graphic file (type pdf)
<use Tablas-y-graficos-con-R-y-RStudio_files/figure-latex/unnamed-chunk-22-1.pd
f>

Underfull \vbox (badness 10000) has occurred while \output is active []

[61]
File: Tablas-y-graficos-con-R-y-RStudio_files/figure-latex/unnamed-chunk-23-1.p
df Graphic file (type pdf)
<use Tablas-y-graficos-con-R-y-RStudio_files/figure-latex/unnamed-chunk-23-1.pd
f>

Underfull \vbox (badness 10000) has occurred while \output is active []

[62]
File: Tablas-y-graficos-con-R-y-RStudio_files/figure-latex/unnamed-chunk-24-1.p
df Graphic file (type pdf)
<use Tablas-y-graficos-con-R-y-RStudio_files/figure-latex/unnamed-chunk-24-1.pd
f>

Underfull \vbox (badness 10000) has occurred while \output is active []

[63]
File: Tablas-y-graficos-con-R-y-RStudio_files/figure-latex/unnamed-chunk-25-1.p
df Graphic file (type pdf)
<use Tablas-y-graficos-con-R-y-RStudio_files/figure-latex/unnamed-chunk-25-1.pd
f>

Underfull \vbox (badness 10000) has occurred while \output is active []

[64]

Package natbib Warning: Citation `highcharter' on page 65 undefined on input li
ne 1368.

[65] [66

]
Chapter 4.

Overfull \hbox (132.75pt too wide) in paragraph at lines 1403--1403
[]\TU/lmtt/m/n/10 ## LABEL: Escala de satisfaccin (1-10) con el funcionamiento
 del sistema sanitario espaol[] 
 []


Overfull \hbox (626.25pt too wide) in paragraph at lines 1403--1403
[]\TU/lmtt/m/n/10 ## 6, 7, 8, 8, 7, 5, 7, 7, 8, 7, 7, 6, 6, 7, 7, 6, 5, 8, 7, 7
, 8, 10, 8, 6, 6, 9, 8, 8, 7, 6, 9, 6, 8, 8, 6, 7, 7, 5, 8, 6, 6, 8, 4, 4, 5, 7
, 7, 8, 10, 7... 50 items printed out of 2557[] 
 []

[67]
Overfull \hbox (22.5pt too wide) in paragraph at lines 1418--1418
[]\TU/lmtt/m/n/10 ## LABEL: Medicamentos que recetan por adelantado (para que n
o falten)[] 
 []


Overfull \hbox (636.75pt too wide) in paragraph at lines 1418--1418
[]\TU/lmtt/m/n/10 ## 0, 0, 0, 0, 0, 0, NA, 0, 0, 0, 0, 0, 0, 0, 0, 0, NA, 0, NA
, 0, 0, NA, 0, 0, 0, 0, 0, 0, 0, 0, 0, 0, 0, 0, 0, 1, 0, 0, 1, 0, 0, 0, 0, 0, 0
, 0, 0, 0, 0, 0... 50 items printed out of 2557[] 
 []


Overfull \hbox (43.5pt too wide) in paragraph at lines 1433--1433
[]\TU/lmtt/m/n/10 ## LABEL: Envases que han quedado sin usar porque cambiaron e
l tratamiento[] 
 []


Overfull \hbox (636.75pt too wide) in paragraph at lines 1433--1433
[]\TU/lmtt/m/n/10 ## 0, 0, 0, 0, 0, 0, NA, 0, 0, 0, 0, 0, 0, 0, 0, 0, 1, 0, NA,
 0, 0, 1, 0, 0, 0, 0, 0, 0, 0, 0, 0, 0, 0, 0, 0, NA, 0, 0, NA, 0, 0, 0, 0, 0, 0
, 0, 0, 0, 0, 0... 50 items printed out of 2557[] 
 []


Overfull \hbox (631.5pt too wide) in paragraph at lines 1448--1448
[]\TU/lmtt/m/n/10 ## 0, 0, 0, 0, 0, 0, 1, 0, 0, 0, 0, 0, 0, 0, 0, 0, 1, 0, 1, 0
, 0, NA, 0, 0, 0, 0, 0, 0, 0, 0, 0, 0, 0, 0, 0, NA, 0, 0, NA, 0, 0, 0, 0, 0, 0,
 0, 0, 0, 0, 0... 50 items printed out of 2557[] 
 []


Overfull \hbox (615.75pt too wide) in paragraph at lines 1463--1463
[]\TU/lmtt/m/n/10 ## 2, 1, 2, 1, 2, 2, 1, 1, 2, 2, 1, 1, 2, 1, 2, 2, 2, 1, 2, 2
, 2, 1, 2, 1, 1, 2, 1, 1, 2, 2, 1, 2, 1, 1, 1, 2, 2, 2, 1, 2, 1, 1, 2, 2, 1, 1,
 1, 1, 2, 2... 50 items printed out of 2557[] 
 []

[68]
Overfull \hbox (615.75pt too wide) in paragraph at lines 1482--1482
[]\TU/lmtt/m/n/10 ## 1, 1, 1, 1, 3, 2, 2, 2, 1, 9, 1, 2, 1, 1, 3, 2, 3, 1, 1, 1
, 1, 1, 1, 2, 2, 3, 2, 1, 1, 2, 2, 2, 1, 2, 1, 3, 1, 1, 1, 1, 5, 1, 1, 1, 1, 2,
 5, 1, 5, 1... 50 items printed out of 2557[] 
 []

File: Tablas-y-graficos-con-R-y-RStudio_files/figure-latex/unnamed-chunk-27-1.p
df Graphic file (type pdf)
<use Tablas-y-graficos-con-R-y-RStudio_files/figure-latex/unnamed-chunk-27-1.pd
f>

Underfull \vbox (badness 10000) has occurred while \output is active []

[69]
File: Tablas-y-graficos-con-R-y-RStudio_files/figure-latex/unnamed-chunk-28-1.p
df Graphic file (type pdf)
<use Tablas-y-graficos-con-R-y-RStudio_files/figure-latex/unnamed-chunk-28-1.pd
f>

Underfull \vbox (badness 10000) has occurred while \output is active []

[70]
File: Tablas-y-graficos-con-R-y-RStudio_files/figure-latex/unnamed-chunk-29-1.p
df Graphic file (type pdf)
<use Tablas-y-graficos-con-R-y-RStudio_files/figure-latex/unnamed-chunk-29-1.pd
f>

Underfull \vbox (badness 10000) has occurred while \output is active []

[71]
File: Tablas-y-graficos-con-R-y-RStudio_files/figure-latex/unnamed-chunk-30-1.p
df Graphic file (type pdf)
<use Tablas-y-graficos-con-R-y-RStudio_files/figure-latex/unnamed-chunk-30-1.pd
f>

Underfull \vbox (badness 10000) has occurred while \output is active []

[72]
File: Tablas-y-graficos-con-R-y-RStudio_files/figure-latex/unnamed-chunk-31-1.p
df Graphic file (type pdf)
<use Tablas-y-graficos-con-R-y-RStudio_files/figure-latex/unnamed-chunk-31-1.pd
f>

Underfull \vbox (badness 10000) has occurred while \output is active []

[73]
File: Tablas-y-graficos-con-R-y-RStudio_files/figure-latex/unnamed-chunk-32-1.p
df Graphic file (type pdf)
<use Tablas-y-graficos-con-R-y-RStudio_files/figure-latex/unnamed-chunk-32-1.pd
f>

Underfull \vbox (badness 10000) has occurred while \output is active []

[74]
File: Tablas-y-graficos-con-R-y-RStudio_files/figure-latex/unnamed-chunk-33-1.p
df Graphic file (type pdf)
<use Tablas-y-graficos-con-R-y-RStudio_files/figure-latex/unnamed-chunk-33-1.pd
f>

Underfull \vbox (badness 10000) has occurred while \output is active []

[75]
File: Tablas-y-graficos-con-R-y-RStudio_files/figure-latex/unnamed-chunk-34-1.p
df Graphic file (type pdf)
<use Tablas-y-graficos-con-R-y-RStudio_files/figure-latex/unnamed-chunk-34-1.pd
f>

Underfull \vbox (badness 10000) has occurred while \output is active []

[76]
File: Tablas-y-graficos-con-R-y-RStudio_files/figure-latex/unnamed-chunk-35-1.p
df Graphic file (type pdf)
<use Tablas-y-graficos-con-R-y-RStudio_files/figure-latex/unnamed-chunk-35-1.pd
f>

Underfull \vbox (badness 10000) has occurred while \output is active []

[77]
File: Tablas-y-graficos-con-R-y-RStudio_files/figure-latex/unnamed-chunk-36-1.p
df Graphic file (type pdf)
<use Tablas-y-graficos-con-R-y-RStudio_files/figure-latex/unnamed-chunk-36-1.pd
f>

Underfull \vbox (badness 10000) has occurred while \output is active []

[78]
File: Tablas-y-graficos-con-R-y-RStudio_files/figure-latex/unnamed-chunk-37-1.p
df Graphic file (type pdf)
<use Tablas-y-graficos-con-R-y-RStudio_files/figure-latex/unnamed-chunk-37-1.pd
f>

Underfull \vbox (badness 10000) has occurred while \output is active []

[79]
File: Tablas-y-graficos-con-R-y-RStudio_files/figure-latex/unnamed-chunk-38-1.p
df Graphic file (type pdf)
<use Tablas-y-graficos-con-R-y-RStudio_files/figure-latex/unnamed-chunk-38-1.pd
f>

Underfull \vbox (badness 10000) has occurred while \output is active []

[80]
File: Tablas-y-graficos-con-R-y-RStudio_files/figure-latex/unnamed-chunk-39-1.p
df Graphic file (type pdf)
<use Tablas-y-graficos-con-R-y-RStudio_files/figure-latex/unnamed-chunk-39-1.pd
f>

Underfull \vbox (badness 10000) has occurred while \output is active []

[81]
File: Tablas-y-graficos-con-R-y-RStudio_files/figure-latex/unnamed-chunk-40-1.p
df Graphic file (type pdf)
<use Tablas-y-graficos-con-R-y-RStudio_files/figure-latex/unnamed-chunk-40-1.pd
f>

Underfull \vbox (badness 10000) has occurred while \output is active []

[82]
File: Tablas-y-graficos-con-R-y-RStudio_files/figure-latex/unnamed-chunk-41-1.p
df Graphic file (type pdf)
<use Tablas-y-graficos-con-R-y-RStudio_files/figure-latex/unnamed-chunk-41-1.pd
f>

Underfull \vbox (badness 10000) has occurred while \output is active []

[83]
File: Tablas-y-graficos-con-R-y-RStudio_files/figure-latex/unnamed-chunk-42-1.p
df Graphic file (type pdf)
<use Tablas-y-graficos-con-R-y-RStudio_files/figure-latex/unnamed-chunk-42-1.pd
f>

Underfull \vbox (badness 10000) has occurred while \output is active []

[84] [85]
File: Tablas-y-graficos-con-R-y-RStudio_files/figure-latex/unnamed-chunk-43-1.p
df Graphic file (type pdf)
<use Tablas-y-graficos-con-R-y-RStudio_files/figure-latex/unnamed-chunk-43-1.pd
f>
File: Tablas-y-graficos-con-R-y-RStudio_files/figure-latex/unnamed-chunk-44-1.p
df Graphic file (type pdf)
<use Tablas-y-graficos-con-R-y-RStudio_files/figure-latex/unnamed-chunk-44-1.pd
f>

Underfull \vbox (badness 10000) has occurred while \output is active []

[86]
File: Tablas-y-graficos-con-R-y-RStudio_files/figure-latex/unnamed-chunk-45-1.p
df Graphic file (type pdf)
<use Tablas-y-graficos-con-R-y-RStudio_files/figure-latex/unnamed-chunk-45-1.pd
f>

Underfull \vbox (badness 10000) has occurred while \output is active []

[87]
File: Tablas-y-graficos-con-R-y-RStudio_files/figure-latex/unnamed-chunk-46-1.p
df Graphic file (type pdf)
<use Tablas-y-graficos-con-R-y-RStudio_files/figure-latex/unnamed-chunk-46-1.pd
f>

Underfull \vbox (badness 10000) has occurred while \output is active []

[88]
File: Tablas-y-graficos-con-R-y-RStudio_files/figure-latex/unnamed-chunk-47-1.p
df Graphic file (type pdf)
<use Tablas-y-graficos-con-R-y-RStudio_files/figure-latex/unnamed-chunk-47-1.pd
f>

Underfull \vbox (badness 10000) has occurred while \output is active []

[89]
File: Tablas-y-graficos-con-R-y-RStudio_files/figure-latex/unnamed-chunk-48-1.p
df Graphic file (type pdf)
<use Tablas-y-graficos-con-R-y-RStudio_files/figure-latex/unnamed-chunk-48-1.pd
f>

Underfull \vbox (badness 10000) has occurred while \output is active []

[90]
File: Tablas-y-graficos-con-R-y-RStudio_files/figure-latex/unnamed-chunk-49-1.p
df Graphic file (type pdf)
<use Tablas-y-graficos-con-R-y-RStudio_files/figure-latex/unnamed-chunk-49-1.pd
f>

Underfull \vbox (badness 10000) has occurred while \output is active []

[91]
File: Tablas-y-graficos-con-R-y-RStudio_files/figure-latex/unnamed-chunk-50-1.p
df Graphic file (type pdf)
<use Tablas-y-graficos-con-R-y-RStudio_files/figure-latex/unnamed-chunk-50-1.pd
f>

Underfull \vbox (badness 10000) has occurred while \output is active []

[92]
File: Tablas-y-graficos-con-R-y-RStudio_files/figure-latex/unnamed-chunk-51-1.p
df Graphic file (type pdf)
<use Tablas-y-graficos-con-R-y-RStudio_files/figure-latex/unnamed-chunk-51-1.pd
f>

Underfull \vbox (badness 10000) has occurred while \output is active []

[93]
File: Tablas-y-graficos-con-R-y-RStudio_files/figure-latex/unnamed-chunk-52-1.p
df Graphic file (type pdf)
<use Tablas-y-graficos-con-R-y-RStudio_files/figure-latex/unnamed-chunk-52-1.pd
f>

Underfull \vbox (badness 10000) has occurred while \output is active []

[94]
File: Tablas-y-graficos-con-R-y-RStudio_files/figure-latex/unnamed-chunk-53-1.p
df Graphic file (type pdf)
<use Tablas-y-graficos-con-R-y-RStudio_files/figure-latex/unnamed-chunk-53-1.pd
f>

Underfull \vbox (badness 10000) has occurred while \output is active []

[95]
File: Tablas-y-graficos-con-R-y-RStudio_files/figure-latex/unnamed-chunk-54-1.p
df Graphic file (type pdf)
<use Tablas-y-graficos-con-R-y-RStudio_files/figure-latex/unnamed-chunk-54-1.pd
f>

Underfull \vbox (badness 10000) has occurred while \output is active []

[96]
File: Tablas-y-graficos-con-R-y-RStudio_files/figure-latex/unnamed-chunk-55-1.p
df Graphic file (type pdf)
<use Tablas-y-graficos-con-R-y-RStudio_files/figure-latex/unnamed-chunk-55-1.pd
f>

Underfull \vbox (badness 10000) has occurred while \output is active []

[97]
File: Tablas-y-graficos-con-R-y-RStudio_files/figure-latex/unnamed-chunk-56-1.p
df Graphic file (type pdf)
<use Tablas-y-graficos-con-R-y-RStudio_files/figure-latex/unnamed-chunk-56-1.pd
f>

Underfull \vbox (badness 10000) has occurred while \output is active []

[98]
File: Tablas-y-graficos-con-R-y-RStudio_files/figure-latex/unnamed-chunk-57-1.p
df Graphic file (type pdf)
<use Tablas-y-graficos-con-R-y-RStudio_files/figure-latex/unnamed-chunk-57-1.pd
f>

Underfull \vbox (badness 10000) has occurred while \output is active []

[99]
File: Tablas-y-graficos-con-R-y-RStudio_files/figure-latex/unnamed-chunk-58-1.p
df Graphic file (type pdf)
<use Tablas-y-graficos-con-R-y-RStudio_files/figure-latex/unnamed-chunk-58-1.pd
f>

Underfull \vbox (badness 10000) has occurred while \output is active []

[100]
File: Tablas-y-graficos-con-R-y-RStudio_files/figure-latex/unnamed-chunk-59-1.p
df Graphic file (type pdf)
<use Tablas-y-graficos-con-R-y-RStudio_files/figure-latex/unnamed-chunk-59-1.pd
f>

Underfull \vbox (badness 10000) has occurred while \output is active []

[101]
File: Tablas-y-graficos-con-R-y-RStudio_files/figure-latex/unnamed-chunk-60-1.p
df Graphic file (type pdf)
<use Tablas-y-graficos-con-R-y-RStudio_files/figure-latex/unnamed-chunk-60-1.pd
f>

Underfull \vbox (badness 10000) has occurred while \output is active []

[102]
File: Tablas-y-graficos-con-R-y-RStudio_files/figure-latex/unnamed-chunk-61-1.p
df Graphic file (type pdf)
<use Tablas-y-graficos-con-R-y-RStudio_files/figure-latex/unnamed-chunk-61-1.pd
f>

Underfull \vbox (badness 10000) has occurred while \output is active []

[103]
File: Tablas-y-graficos-con-R-y-RStudio_files/figure-latex/unnamed-chunk-62-1.p
df Graphic file (type pdf)
<use Tablas-y-graficos-con-R-y-RStudio_files/figure-latex/unnamed-chunk-62-1.pd
f>

Underfull \vbox (badness 10000) has occurred while \output is active []

[104]
File: Tablas-y-graficos-con-R-y-RStudio_files/figure-latex/unnamed-chunk-63-1.p
df Graphic file (type pdf)
<use Tablas-y-graficos-con-R-y-RStudio_files/figure-latex/unnamed-chunk-63-1.pd
f>

Underfull \vbox (badness 10000) has occurred while \output is active []

[105]
File: Tablas-y-graficos-con-R-y-RStudio_files/figure-latex/unnamed-chunk-64-1.p
df Graphic file (type pdf)
<use Tablas-y-graficos-con-R-y-RStudio_files/figure-latex/unnamed-chunk-64-1.pd
f>
[106] [107] [108

]
Chapter 5.

Overfull \hbox (25.94203pt too wide) in paragraph at lines 2428--2430
[]\TU/lmtt/m/n/10 drop_rc()\TU/lmr/m/n/10 , borrar columnas o filas [drop_empty
_rows() y drop_empty_cols()]; 
 []


Overfull \hbox (8.21202pt too wide) in paragraph at lines 2430--2432
[]\TU/lmtt/m/n/10 tab_sort_asc()\TU/lmr/m/n/10 , para ordenar ascendente o desc
endente \TU/lmtt/m/n/10 tab_sort_desc()\TU/lmr/m/n/10 ; 
 []


LaTeX Warning: Reference `tse10' on page 109 undefined on input line 2442.

[109]
File: Tablas-y-graficos-con-R-y-RStudio_files/figure-latex/unnamed-chunk-66-1.p
df Graphic file (type pdf)
<use Tablas-y-graficos-con-R-y-RStudio_files/figure-latex/unnamed-chunk-66-1.pd
f>

Underfull \vbox (badness 10000) has occurred while \output is active []

[110]
File: Tablas-y-graficos-con-R-y-RStudio_files/figure-latex/unnamed-chunk-67-1.p
df Graphic file (type pdf)
<use Tablas-y-graficos-con-R-y-RStudio_files/figure-latex/unnamed-chunk-67-1.pd
f>

Underfull \vbox (badness 7814) has occurred while \output is active []

[111]
File: Tablas-y-graficos-con-R-y-RStudio_files/figure-latex/unnamed-chunk-68-1.p
df Graphic file (type pdf)
<use Tablas-y-graficos-con-R-y-RStudio_files/figure-latex/unnamed-chunk-68-1.pd
f>

Underfull \vbox (badness 10000) has occurred while \output is active []

[112] [113]
File: Tablas-y-graficos-con-R-y-RStudio_files/figure-latex/unnamed-chunk-69-1.p
df Graphic file (type pdf)
<use Tablas-y-graficos-con-R-y-RStudio_files/figure-latex/unnamed-chunk-69-1.pd
f>
[114]
File: Tablas-y-graficos-con-R-y-RStudio_files/figure-latex/unnamed-chunk-70-1.p
df Graphic file (type pdf)
<use Tablas-y-graficos-con-R-y-RStudio_files/figure-latex/unnamed-chunk-70-1.pd
f>

Underfull \vbox (badness 10000) has occurred while \output is active []

[115]
File: Tablas-y-graficos-con-R-y-RStudio_files/figure-latex/unnamed-chunk-71-1.p
df Graphic file (type pdf)
<use Tablas-y-graficos-con-R-y-RStudio_files/figure-latex/unnamed-chunk-71-1.pd
f>

Underfull \vbox (badness 10000) has occurred while \output is active []

[116]
File: Tablas-y-graficos-con-R-y-RStudio_files/figure-latex/unnamed-chunk-72-1.p
df Graphic file (type pdf)
<use Tablas-y-graficos-con-R-y-RStudio_files/figure-latex/unnamed-chunk-72-1.pd
f>

Underfull \vbox (badness 10000) has occurred while \output is active []

[117]
Overfull \vbox (21.9913pt too high) has occurred while \output is active []

[118] [119] [120

]
Chapter 6.

Package natbib Warning: Citation `mohler2008survey' on page 121 undefined on in
put line 2675.


Package natbib Warning: Citation `mohler2008survey' on page 121 undefined on in
put line 2677.

[121]
File: Tablas-y-graficos-con-R-y-RStudio_files/figure-latex/6010, codeplan1-1.pd
f Graphic file (type pdf)
<use Tablas-y-graficos-con-R-y-RStudio_files/figure-latex/6010, codeplan1-1.pdf
>

Underfull \vbox (badness 10000) has occurred while \output is active []

[122]
Underfull \vbox (badness 10000) has occurred while \output is active []

[123]
File: Tablas-y-graficos-con-R-y-RStudio_files/figure-latex/6020, codeplan2-1.pd
f Graphic file (type pdf)
<use Tablas-y-graficos-con-R-y-RStudio_files/figure-latex/6020, codeplan2-1.pdf
>

Underfull \vbox (badness 10000) has occurred while \output is active []

[124]
Underfull \vbox (badness 10000) has occurred while \output is active []

[125]

LaTeX Warning: Reference `criteria' on page 126 undefined on input line 2730.

[126] [127]
Overfull \hbox (306.0pt too wide) in paragraph at lines 2862--2862
[]\TU/lmtt/m/n/10 ## 9, 0, 0, 0, 0, 0, 0, 0, 0, 0, 0, 0, 0, 0, 0, 0, 0, 1, 1, 1
, 1, 1, 1, 1, 1, 1, 1, 1, 1, 1, 1, 1, 1, 1, 1, 1, 1, 1, 1, 1, 9[] 
 []

[128]
Overfull \hbox (306.0pt too wide) in paragraph at lines 2957--2957
[]\TU/lmtt/m/n/10 ## 9, 0, 0, 0, 0, 0, 0, 0, 0, 0, 0, 0, 0, 0, 0, 0, 0, 1, 1, 1
, 1, 1, 1, 1, 1, 1, 1, 1, 1, 1, 1, 1, 1, 1, 1, 1, 1, 1, 1, 1, 9[] 
 []

[129] [130]
File: Tablas-y-graficos-con-R-y-RStudio_files/figure-latex/6050-1.pdf Graphic f
ile (type pdf)
<use Tablas-y-graficos-con-R-y-RStudio_files/figure-latex/6050-1.pdf>
[131]
Overfull \vbox (22.00427pt too high) has occurred while \output is active []

[132]
Overfull \vbox (1.40997pt too high) detected at line 3165
 []

[133]
File: Tablas-y-graficos-con-R-y-RStudio_files/figure-latex/6060-1.pdf Graphic f
ile (type pdf)
<use Tablas-y-graficos-con-R-y-RStudio_files/figure-latex/6060-1.pdf>

Package natbib Warning: Citation `biemer2008weighting' on page 134 undefined on
 input line 3181.

[134]
File: Tablas-y-graficos-con-R-y-RStudio_files/figure-latex/6070-1.pdf Graphic f
ile (type pdf)
<use Tablas-y-graficos-con-R-y-RStudio_files/figure-latex/6070-1.pdf>
File: Tablas-y-graficos-con-R-y-RStudio_files/figure-latex/6080-1.pdf Graphic f
ile (type pdf)
<use Tablas-y-graficos-con-R-y-RStudio_files/figure-latex/6080-1.pdf>

Underfull \vbox (badness 10000) has occurred while \output is active []

[135]
Overfull \hbox (19.13pt too wide) in paragraph at lines 3248--3249
\TU/lmr/m/n/10 El uso de \TU/lmtt/b/n/10 tab_subtotal_rows() \TU/lmr/m/n/10 o \
TU/lmtt/b/n/10 tab_subtotal_cols() \TU/lmr/m/n/10 o \TU/lmtt/b/n/10 tab_subtota
l_cells()
 []

[136]
File: Tablas-y-graficos-con-R-y-RStudio_files/figure-latex/6100-1.pdf Graphic f
ile (type pdf)
<use Tablas-y-graficos-con-R-y-RStudio_files/figure-latex/6100-1.pdf>
[137]
File: Tablas-y-graficos-con-R-y-RStudio_files/figure-latex/6110-1.pdf Graphic f
ile (type pdf)
<use Tablas-y-graficos-con-R-y-RStudio_files/figure-latex/6110-1.pdf>
[138]
File: Tablas-y-graficos-con-R-y-RStudio_files/figure-latex/6120-1.pdf Graphic f
ile (type pdf)
<use Tablas-y-graficos-con-R-y-RStudio_files/figure-latex/6120-1.pdf>
[139]
File: Tablas-y-graficos-con-R-y-RStudio_files/figure-latex/6130-1.pdf Graphic f
ile (type pdf)
<use Tablas-y-graficos-con-R-y-RStudio_files/figure-latex/6130-1.pdf>

Underfull \vbox (badness 3189) has occurred while \output is active []

[140]
File: Tablas-y-graficos-con-R-y-RStudio_files/figure-latex/6140-1.pdf Graphic f
ile (type pdf)
<use Tablas-y-graficos-con-R-y-RStudio_files/figure-latex/6140-1.pdf>
[141]
File: Tablas-y-graficos-con-R-y-RStudio_files/figure-latex/6150-1.pdf Graphic f
ile (type pdf)
<use Tablas-y-graficos-con-R-y-RStudio_files/figure-latex/6150-1.pdf>
File: Tablas-y-graficos-con-R-y-RStudio_files/figure-latex/6160-1.pdf Graphic f
ile (type pdf)
<use Tablas-y-graficos-con-R-y-RStudio_files/figure-latex/6160-1.pdf>
[142]
File: Tablas-y-graficos-con-R-y-RStudio_files/figure-latex/6170-1.pdf Graphic f
ile (type pdf)
<use Tablas-y-graficos-con-R-y-RStudio_files/figure-latex/6170-1.pdf>

Underfull \vbox (badness 10000) has occurred while \output is active []

[143] [144]
File: Tablas-y-graficos-con-R-y-RStudio_files/figure-latex/6190-1.pdf Graphic f
ile (type pdf)
<use Tablas-y-graficos-con-R-y-RStudio_files/figure-latex/6190-1.pdf>
[145]
File: Tablas-y-graficos-con-R-y-RStudio_files/figure-latex/6200-1.pdf Graphic f
ile (type pdf)
<use Tablas-y-graficos-con-R-y-RStudio_files/figure-latex/6200-1.pdf>
[146]
Chapter 7.

Package natbib Warning: Citation `art001' on page 147 undefined on input line 3
556.


Package natbib Warning: Citation `amon2009estadistica' on page 147 undefined on
 input line 3556.


Package natbib Warning: Citation `amon2009estadistica' on page 147 undefined on
 input line 3558.


Package natbib Warning: Citation `glass1986metodos' on page 147 undefined on in
put line 3558.


Package natbib Warning: Citation `amon2009estadistica' on page 147 undefined on
 input line 3560.


Package natbib Warning: Citation `glass1986metodos' on page 147 undefined on in
put line 3560.


Package natbib Warning: Citation `siegel1995estadistica' on page 147 undefined 
on input line 3568.


Package natbib Warning: Citation `manzano1995' on page 147 undefined on input l
ine 3568.

File: data/embim12.png Graphic file (type bmp)
<data/embim12.png>
[147

]
File: data/embim13.png Graphic file (type bmp)
<data/embim13.png>

Package natbib Warning: Citation `manzano1995' on page 148 undefined on input l
ine 3596.


Package natbib Warning: Citation `siegel1995estadistica' on page 148 undefined 
on input line 3601.

File: Tablas-y-graficos-con-R-y-RStudio_files/figure-latex/7000-1.pdf Graphic f
ile (type pdf)
<use Tablas-y-graficos-con-R-y-RStudio_files/figure-latex/7000-1.pdf>
[148]
File: Tablas-y-graficos-con-R-y-RStudio_files/figure-latex/7000-2.pdf Graphic f
ile (type pdf)
<use Tablas-y-graficos-con-R-y-RStudio_files/figure-latex/7000-2.pdf>
[149]
Overfull \hbox (33.0pt too wide) in paragraph at lines 3670--3670
[]\TU/lmtt/m/n/10 ##                                                           
     Hombre[] 
 []


Overfull \hbox (33.0pt too wide) in paragraph at lines 3670--3670
[]\TU/lmtt/m/n/10 ##   En general, el sistema sanitario funciona bastante bien 
        277[] 
 []


Overfull \hbox (33.0pt too wide) in paragraph at lines 3670--3670
[]\TU/lmtt/m/n/10 ##   El sistema sanitario funciona bien, aunque son necesario
s al    620[] 
 []


Overfull \hbox (33.0pt too wide) in paragraph at lines 3670--3670
[]\TU/lmtt/m/n/10 ##   El sistema sanitario necesita cambios fundamentales, aun
que     288[] 
 []


Overfull \hbox (33.0pt too wide) in paragraph at lines 3670--3670
[]\TU/lmtt/m/n/10 ##   Nuestro sistema sanitario est tan mal que necesitaramo
s re     61[] 
 []


Overfull \hbox (33.0pt too wide) in paragraph at lines 3670--3670
[]\TU/lmtt/m/n/10 ##   N.S.                                                    
          6[] 
 []


Overfull \hbox (33.0pt too wide) in paragraph at lines 3670--3670
[]\TU/lmtt/m/n/10 ##   N.C.                                                    
          4[] 
 []


Overfull \hbox (27.75pt too wide) in paragraph at lines 3670--3670
[]\TU/lmtt/m/n/10 ##                                                           
     Mujer[] 
 []


Overfull \hbox (27.75pt too wide) in paragraph at lines 3670--3670
[]\TU/lmtt/m/n/10 ##   En general, el sistema sanitario funciona bastante bien 
       261[] 
 []


Overfull \hbox (27.75pt too wide) in paragraph at lines 3670--3670
[]\TU/lmtt/m/n/10 ##   El sistema sanitario funciona bien, aunque son necesario
s al   627[] 
 []


Overfull \hbox (27.75pt too wide) in paragraph at lines 3670--3670
[]\TU/lmtt/m/n/10 ##   El sistema sanitario necesita cambios fundamentales, aun
que    349[] 
 []


Overfull \hbox (27.75pt too wide) in paragraph at lines 3670--3670
[]\TU/lmtt/m/n/10 ##   Nuestro sistema sanitario est tan mal que necesitaramo
s re    59[] 
 []


Overfull \hbox (27.75pt too wide) in paragraph at lines 3670--3670
[]\TU/lmtt/m/n/10 ##   N.S.                                                    
         3[] 
 []


Overfull \hbox (27.75pt too wide) in paragraph at lines 3670--3670
[]\TU/lmtt/m/n/10 ##   N.C.                                                    
         2[] 
 []

[150]
File: Tablas-y-graficos-con-R-y-RStudio_files/figure-latex/7020-1.pdf Graphic f
ile (type pdf)
<use Tablas-y-graficos-con-R-y-RStudio_files/figure-latex/7020-1.pdf>
[151]
File: Tablas-y-graficos-con-R-y-RStudio_files/figure-latex/7020-2.pdf Graphic f
ile (type pdf)
<use Tablas-y-graficos-con-R-y-RStudio_files/figure-latex/7020-2.pdf>
[152]
Underfull \hbox (badness 1895) in paragraph at lines 3776--3777
\TU/lmr/m/n/10 Asumiendo las hiptesis necesarias para poder trabajar con estad
stica
 []

File: Tablas-y-graficos-con-R-y-RStudio_files/figure-latex/7030-1.pdf Graphic f
ile (type pdf)
<use Tablas-y-graficos-con-R-y-RStudio_files/figure-latex/7030-1.pdf>

Underfull \vbox (badness 10000) has occurred while \output is active []

[153]
File: Tablas-y-graficos-con-R-y-RStudio_files/figure-latex/7030-2.pdf Graphic f
ile (type pdf)
<use Tablas-y-graficos-con-R-y-RStudio_files/figure-latex/7030-2.pdf>
[154]
File: Tablas-y-graficos-con-R-y-RStudio_files/figure-latex/7040-1.pdf Graphic f
ile (type pdf)
<use Tablas-y-graficos-con-R-y-RStudio_files/figure-latex/7040-1.pdf>

Underfull \vbox (badness 10000) has occurred while \output is active []

[155] [156]
File: Tablas-y-graficos-con-R-y-RStudio_files/figure-latex/7050-1.pdf Graphic f
ile (type pdf)
<use Tablas-y-graficos-con-R-y-RStudio_files/figure-latex/7050-1.pdf>

Underfull \vbox (badness 10000) has occurred while \output is active []

[157] [158]
Underfull \vbox (badness 10000) has occurred while \output is active []


Overfull \hbox (1.81343pt too wide) has occurred while \output is active
\TU/lmr/m/sl/10 7.3.  PARMETROS POSIBLES EN LAS PRUEBAS DE SIGNIFICACIN \TU/l
mr/m/n/10 159
 []

[159]
File: Tablas-y-graficos-con-R-y-RStudio_files/figure-latex/unnamed-chunk-73-1.p
df Graphic file (type pdf)
<use Tablas-y-graficos-con-R-y-RStudio_files/figure-latex/unnamed-chunk-73-1.pd
f>
[160] [161] [162

]
Chapter 8.

Package natbib Warning: Citation `kuan2015learning' on page 163 undefined on in
put line 4015.


Package natbib Warning: Citation `highcharter' on page 163 undefined on input l
ine 4015.

[163]
Overfull \hbox (42.11993pt too wide) in paragraph at lines 4028--4045
 [][] 
 []


Underfull \vbox (badness 1142) has occurred while \output is active []

[164] [165]
File: Tablas-y-graficos-con-R-y-RStudio_files/figure-latex/8020-1.pdf Graphic f
ile (type pdf)
<use Tablas-y-graficos-con-R-y-RStudio_files/figure-latex/8020-1.pdf>
File: Tablas-y-graficos-con-R-y-RStudio_files/figure-latex/8030-1.pdf Graphic f
ile (type pdf)
<use Tablas-y-graficos-con-R-y-RStudio_files/figure-latex/8030-1.pdf>

Underfull \vbox (badness 2376) has occurred while \output is active []

[166]
File: Tablas-y-graficos-con-R-y-RStudio_files/figure-latex/8040-1.pdf Graphic f
ile (type pdf)
<use Tablas-y-graficos-con-R-y-RStudio_files/figure-latex/8040-1.pdf>

Underfull \vbox (badness 6625) has occurred while \output is active []

[167]
File: Tablas-y-graficos-con-R-y-RStudio_files/figure-latex/8050-1.pdf Graphic f
ile (type pdf)
<use Tablas-y-graficos-con-R-y-RStudio_files/figure-latex/8050-1.pdf>

Underfull \vbox (badness 10000) has occurred while \output is active []

[168]
File: Tablas-y-graficos-con-R-y-RStudio_files/figure-latex/8060-1.pdf Graphic f
ile (type pdf)
<use Tablas-y-graficos-con-R-y-RStudio_files/figure-latex/8060-1.pdf>

Underfull \vbox (badness 10000) has occurred while \output is active []

[169]
File: Tablas-y-graficos-con-R-y-RStudio_files/figure-latex/8070-1.pdf Graphic f
ile (type pdf)
<use Tablas-y-graficos-con-R-y-RStudio_files/figure-latex/8070-1.pdf>

Underfull \vbox (badness 10000) has occurred while \output is active []

[170]
Underfull \vbox (badness 10000) has occurred while \output is active []

[171]
File: Tablas-y-graficos-con-R-y-RStudio_files/figure-latex/8080-1.pdf Graphic f
ile (type pdf)
<use Tablas-y-graficos-con-R-y-RStudio_files/figure-latex/8080-1.pdf>
[172]
File: Tablas-y-graficos-con-R-y-RStudio_files/figure-latex/8090-1.pdf Graphic f
ile (type pdf)
<use Tablas-y-graficos-con-R-y-RStudio_files/figure-latex/8090-1.pdf>
File: Tablas-y-graficos-con-R-y-RStudio_files/figure-latex/8100-1.pdf Graphic f
ile (type pdf)
<use Tablas-y-graficos-con-R-y-RStudio_files/figure-latex/8100-1.pdf>
[173]
File: Tablas-y-graficos-con-R-y-RStudio_files/figure-latex/8110-1.pdf Graphic f
ile (type pdf)
<use Tablas-y-graficos-con-R-y-RStudio_files/figure-latex/8110-1.pdf>

Underfull \vbox (badness 10000) has occurred while \output is active []

[174]
File: Tablas-y-graficos-con-R-y-RStudio_files/figure-latex/8120-1.pdf Graphic f
ile (type pdf)
<use Tablas-y-graficos-con-R-y-RStudio_files/figure-latex/8120-1.pdf>

Underfull \vbox (badness 10000) has occurred while \output is active []

[175]
File: Tablas-y-graficos-con-R-y-RStudio_files/figure-latex/8130-1.pdf Graphic f
ile (type pdf)
<use Tablas-y-graficos-con-R-y-RStudio_files/figure-latex/8130-1.pdf>

Underfull \vbox (badness 10000) has occurred while \output is active []

[176]
File: Tablas-y-graficos-con-R-y-RStudio_files/figure-latex/8140-1.pdf Graphic f
ile (type pdf)
<use Tablas-y-graficos-con-R-y-RStudio_files/figure-latex/8140-1.pdf>

Underfull \vbox (badness 10000) has occurred while \output is active []

[177]
File: Tablas-y-graficos-con-R-y-RStudio_files/figure-latex/8150-1.pdf Graphic f
ile (type pdf)
<use Tablas-y-graficos-con-R-y-RStudio_files/figure-latex/8150-1.pdf>
[178] [179]
File: Tablas-y-graficos-con-R-y-RStudio_files/figure-latex/8160-1.pdf Graphic f
ile (type pdf)
<use Tablas-y-graficos-con-R-y-RStudio_files/figure-latex/8160-1.pdf>
File: Tablas-y-graficos-con-R-y-RStudio_files/figure-latex/8170-1.pdf Graphic f
ile (type pdf)
<use Tablas-y-graficos-con-R-y-RStudio_files/figure-latex/8170-1.pdf>

Underfull \vbox (badness 10000) has occurred while \output is active []

[180]
File: Tablas-y-graficos-con-R-y-RStudio_files/figure-latex/8180-1.pdf Graphic f
ile (type pdf)
<use Tablas-y-graficos-con-R-y-RStudio_files/figure-latex/8180-1.pdf>

Underfull \vbox (badness 10000) has occurred while \output is active []

[181]
File: Tablas-y-graficos-con-R-y-RStudio_files/figure-latex/8190-1.pdf Graphic f
ile (type pdf)
<use Tablas-y-graficos-con-R-y-RStudio_files/figure-latex/8190-1.pdf>

Underfull \vbox (badness 10000) has occurred while \output is active []

[182]
Overfull \hbox (42.11993pt too wide) in paragraph at lines 4611--4628
 [][] 
 []

[183]
File: Tablas-y-graficos-con-R-y-RStudio_files/figure-latex/8210-1.pdf Graphic f
ile (type pdf)
<use Tablas-y-graficos-con-R-y-RStudio_files/figure-latex/8210-1.pdf>
File: Tablas-y-graficos-con-R-y-RStudio_files/figure-latex/8220-1.pdf Graphic f
ile (type pdf)
<use Tablas-y-graficos-con-R-y-RStudio_files/figure-latex/8220-1.pdf>

Underfull \vbox (badness 3364) has occurred while \output is active []

[184]
File: Tablas-y-graficos-con-R-y-RStudio_files/figure-latex/8230-1.pdf Graphic f
ile (type pdf)
<use Tablas-y-graficos-con-R-y-RStudio_files/figure-latex/8230-1.pdf>

Underfull \vbox (badness 10000) has occurred while \output is active []

[185]
File: Tablas-y-graficos-con-R-y-RStudio_files/figure-latex/8240-1.pdf Graphic f
ile (type pdf)
<use Tablas-y-graficos-con-R-y-RStudio_files/figure-latex/8240-1.pdf>

Underfull \vbox (badness 2042) has occurred while \output is active []

[186]
File: Tablas-y-graficos-con-R-y-RStudio_files/figure-latex/8250-1.pdf Graphic f
ile (type pdf)
<use Tablas-y-graficos-con-R-y-RStudio_files/figure-latex/8250-1.pdf>

Underfull \vbox (badness 10000) has occurred while \output is active []

[187]
File: Tablas-y-graficos-con-R-y-RStudio_files/figure-latex/8260-1.pdf Graphic f
ile (type pdf)
<use Tablas-y-graficos-con-R-y-RStudio_files/figure-latex/8260-1.pdf>

Underfull \vbox (badness 10000) has occurred while \output is active []

[188]
File: Tablas-y-graficos-con-R-y-RStudio_files/figure-latex/8270-1.pdf Graphic f
ile (type pdf)
<use Tablas-y-graficos-con-R-y-RStudio_files/figure-latex/8270-1.pdf>

Underfull \vbox (badness 10000) has occurred while \output is active []

[189] [190]
File: Tablas-y-graficos-con-R-y-RStudio_files/figure-latex/8280-1.pdf Graphic f
ile (type pdf)
<use Tablas-y-graficos-con-R-y-RStudio_files/figure-latex/8280-1.pdf>
File: Tablas-y-graficos-con-R-y-RStudio_files/figure-latex/8290-1.pdf Graphic f
ile (type pdf)
<use Tablas-y-graficos-con-R-y-RStudio_files/figure-latex/8290-1.pdf>

Underfull \vbox (badness 1038) has occurred while \output is active []

[191]
File: Tablas-y-graficos-con-R-y-RStudio_files/figure-latex/8300-1.pdf Graphic f
ile (type pdf)
<use Tablas-y-graficos-con-R-y-RStudio_files/figure-latex/8300-1.pdf>

Underfull \vbox (badness 10000) has occurred while \output is active []

[192]
File: Tablas-y-graficos-con-R-y-RStudio_files/figure-latex/8310-1.pdf Graphic f
ile (type pdf)
<use Tablas-y-graficos-con-R-y-RStudio_files/figure-latex/8310-1.pdf>

Underfull \vbox (badness 10000) has occurred while \output is active []

[193]
File: Tablas-y-graficos-con-R-y-RStudio_files/figure-latex/8320-1.pdf Graphic f
ile (type pdf)
<use Tablas-y-graficos-con-R-y-RStudio_files/figure-latex/8320-1.pdf>

Underfull \vbox (badness 10000) has occurred while \output is active []

[194]
File: Tablas-y-graficos-con-R-y-RStudio_files/figure-latex/8330-1.pdf Graphic f
ile (type pdf)
<use Tablas-y-graficos-con-R-y-RStudio_files/figure-latex/8330-1.pdf>

Underfull \vbox (badness 10000) has occurred while \output is active []

[195]
File: Tablas-y-graficos-con-R-y-RStudio_files/figure-latex/8340-1.pdf Graphic f
ile (type pdf)
<use Tablas-y-graficos-con-R-y-RStudio_files/figure-latex/8340-1.pdf>

Underfull \vbox (badness 3623) has occurred while \output is active []

[196]
File: Tablas-y-graficos-con-R-y-RStudio_files/figure-latex/8350-1.pdf Graphic f
ile (type pdf)
<use Tablas-y-graficos-con-R-y-RStudio_files/figure-latex/8350-1.pdf>

Underfull \vbox (badness 10000) has occurred while \output is active []

[197]
File: Tablas-y-graficos-con-R-y-RStudio_files/figure-latex/8360-1.pdf Graphic f
ile (type pdf)
<use Tablas-y-graficos-con-R-y-RStudio_files/figure-latex/8360-1.pdf>

Underfull \vbox (badness 10000) has occurred while \output is active []

[198]
File: Tablas-y-graficos-con-R-y-RStudio_files/figure-latex/8370-1.pdf Graphic f
ile (type pdf)
<use Tablas-y-graficos-con-R-y-RStudio_files/figure-latex/8370-1.pdf>

Underfull \vbox (badness 10000) has occurred while \output is active []

[199] [200]
File: Tablas-y-graficos-con-R-y-RStudio_files/figure-latex/8390-1.pdf Graphic f
ile (type pdf)
<use Tablas-y-graficos-con-R-y-RStudio_files/figure-latex/8390-1.pdf>
[201]
File: Tablas-y-graficos-con-R-y-RStudio_files/figure-latex/8400-1.pdf Graphic f
ile (type pdf)
<use Tablas-y-graficos-con-R-y-RStudio_files/figure-latex/8400-1.pdf>
[202]
File: Tablas-y-graficos-con-R-y-RStudio_files/figure-latex/8410-1.pdf Graphic f
ile (type pdf)
<use Tablas-y-graficos-con-R-y-RStudio_files/figure-latex/8410-1.pdf>
File: Tablas-y-graficos-con-R-y-RStudio_files/figure-latex/8420-1.pdf Graphic f
ile (type pdf)
<use Tablas-y-graficos-con-R-y-RStudio_files/figure-latex/8420-1.pdf>
[203]
File: Tablas-y-graficos-con-R-y-RStudio_files/figure-latex/8430-1.pdf Graphic f
ile (type pdf)
<use Tablas-y-graficos-con-R-y-RStudio_files/figure-latex/8430-1.pdf>

Underfull \vbox (badness 10000) has occurred while \output is active []

[204] [205]
Underfull \vbox (badness 10000) detected at line 5317
 []


Underfull \vbox (badness 10000) detected at line 5317
 []

[206]
File: Tablas-y-graficos-con-R-y-RStudio_files/figure-latex/8440-1.pdf Graphic f
ile (type pdf)
<use Tablas-y-graficos-con-R-y-RStudio_files/figure-latex/8440-1.pdf>
[207]
File: Tablas-y-graficos-con-R-y-RStudio_files/figure-latex/8450-1.pdf Graphic f
ile (type pdf)
<use Tablas-y-graficos-con-R-y-RStudio_files/figure-latex/8450-1.pdf>
[208]
File: Tablas-y-graficos-con-R-y-RStudio_files/figure-latex/8460-1.pdf Graphic f
ile (type pdf)
<use Tablas-y-graficos-con-R-y-RStudio_files/figure-latex/8460-1.pdf>
[209